{"numFailedTestSuites":0,"numFailedTests":0,"numPassedTestSuites":32,"numPassedTests":523,"numPendingTestSuites":0,"numPendingTests":0,"numRuntimeErrorTestSuites":0,"numTodoTests":0,"numTotalTestSuites":32,"numTotalTests":523,"openHandles":[],"snapshot":{"added":0,"didUpdate":false,"failure":false,"filesAdded":0,"filesRemoved":0,"filesRemovedList":[],"filesUnmatched":0,"filesUpdated":0,"matched":0,"total":0,"unchecked":0,"uncheckedKeysByFile":[],"unmatched":0,"updated":0},"startTime":1789356747132,"success":true,"testResults":[{"assertionResults":[{"ancestorTitles":["Arqueo de caja — efectivo esperado"],"duration":13,"failing":false,"failureDetails":[],"failureMessages":[],"fullName":"Arqueo de caja — efectivo esperado suma el fondo inicial, las ventas en efectivo y los ingresos, y resta los retiros","invocations":1,"location":null,"numPassingAsserts":1,"retryReasons":[],"startAt":1789356802864,"status":"passed","title":"suma el fondo inicial, las ventas en efectivo y los ingresos, y resta los retiros"},{"ancestorTitles":["Arqueo de caja — efectivo esperado"],"duration":1,"failing":false,"failureDetails":[],"failureMessages":[],"fullName":"Arqueo de caja — efectivo esperado un turno sin movimientos espera exactamente el fondo inicial","invocations":1,"location":null,"numPassingAsserts":1,"retryReasons":[],"startAt":1789356802878,"status":"passed","title":"un turno sin movimientos espera exactamente el fondo inicial"},{"ancestorTitles":["Arqueo de caja — efectivo esperado"],"duration":2,"failing":false,"failureDetails":[],"failureMessages":[],"fullName":"Arqueo de caja — efectivo esperado los retiros pueden dejar el cajón por debajo del fondo inicial","invocations":1,"location":null,"numPassingAsserts":1,"retryReasons":[],"startAt":1789356802879,"status":"passed","title":"los retiros pueden dejar el cajón por debajo del fondo inicial"},{"ancestorTitles":["Arqueo de caja — solo el efectivo entra al cajón"],"duration":0,"failing":false,"failureDetails":[],"failureMessages":[],"fullName":"Arqueo de caja — solo el efectivo entra al cajón ignora tarjetas y transferencias al calcular el efectivo","invocations":1,"location":null,"numPassingAsserts":1,"retryReasons":[],"startAt":1789356802882,"status":"passed","title":"ignora tarjetas y transferencias al calcular el efectivo"},{"ancestorTitles":["Arqueo de caja — solo el efectivo entra al cajón"],"duration":2,"failing":false,"failureDetails":[],"failureMessages":[],"fullName":"Arqueo de caja — solo el efectivo entra al cajón un turno que solo vendió con tarjeta no genera faltante","invocations":1,"location":null,"numPassingAsserts":2,"retryReasons":[],"startAt":1789356802882,"status":"passed","title":"un turno que solo vendió con tarjeta no genera faltante"},{"ancestorTitles":["Arqueo de caja — descuadre"],"duration":1,"failing":false,"failureDetails":[],"failureMessages":[],"fullName":"Arqueo de caja — descuadre contado menor al esperado es faltante (negativo)","invocations":1,"location":null,"numPassingAsserts":1,"retryReasons":[],"startAt":1789356802884,"status":"passed","title":"contado menor al esperado es faltante (negativo)"},{"ancestorTitles":["Arqueo de caja — descuadre"],"duration":1,"failing":false,"failureDetails":[],"failureMessages":[],"fullName":"Arqueo de caja — descuadre contado mayor al esperado es sobrante (positivo)","invocations":1,"location":null,"numPassingAsserts":1,"retryReasons":[],"startAt":1789356802885,"status":"passed","title":"contado mayor al esperado es sobrante (positivo)"},{"ancestorTitles":["Arqueo de caja — descuadre"],"duration":1,"failing":false,"failureDetails":[],"failureMessages":[],"fullName":"Arqueo de caja — descuadre cuadrar da exactamente cero","invocations":1,"location":null,"numPassingAsserts":1,"retryReasons":[],"startAt":1789356802886,"status":"passed","title":"cuadrar da exactamente cero"},{"ancestorTitles":["Vuelto"],"duration":1,"failing":false,"failureDetails":[],"failureMessages":[],"fullName":"Vuelto calcula el vuelto sobre el total con IVA","invocations":1,"location":null,"numPassingAsserts":1,"retryReasons":[],"startAt":1789356802887,"status":"passed","title":"calcula el vuelto sobre el total con IVA"},{"ancestorTitles":["Vuelto"],"duration":1,"failing":false,"failureDetails":[],"failureMessages":[],"fullName":"Vuelto pago exacto no genera vuelto","invocations":1,"location":null,"numPassingAsserts":1,"retryReasons":[],"startAt":1789356802888,"status":"passed","title":"pago exacto no genera vuelto"},{"ancestorTitles":["Vuelto"],"duration":1,"failing":false,"failureDetails":[],"failureMessages":[],"fullName":"Vuelto nunca devuelve un vuelto negativo","invocations":1,"location":null,"numPassingAsserts":3,"retryReasons":[],"startAt":1789356802889,"status":"passed","title":"nunca devuelve un vuelto negativo"},{"ancestorTitles":["Venta POS — el total del ticket usa el mismo motor de IVA"],"duration":1,"failing":false,"failureDetails":[],"failureMessages":[],"fullName":"Venta POS — el total del ticket usa el mismo motor de IVA una línea de precio neto 10.000 cobra 11.900","invocations":1,"location":null,"numPassingAsserts":3,"retryReasons":[],"startAt":1789356802893,"status":"passed","title":"una línea de precio neto 10.000 cobra 11.900"},{"ancestorTitles":["Venta POS — el total del ticket usa el mismo motor de IVA"],"duration":1,"failing":false,"failureDetails":[],"failureMessages":[],"fullName":"Venta POS — el total del ticket usa el mismo motor de IVA el IVA se redondea una vez sobre el neto agregado, no por línea","invocations":1,"location":null,"numPassingAsserts":3,"retryReasons":[],"startAt":1789356802894,"status":"passed","title":"el IVA se redondea una vez sobre el neto agregado, no por línea"},{"ancestorTitles":["Venta POS — el total del ticket usa el mismo motor de IVA"],"duration":0,"failing":false,"failureDetails":[],"failureMessages":[],"fullName":"Venta POS — el total del ticket usa el mismo motor de IVA el vuelto se calcula contra el total del documento, no contra el neto","invocations":1,"location":null,"numPassingAsserts":1,"retryReasons":[],"startAt":1789356802895,"status":"passed","title":"el vuelto se calcula contra el total del documento, no contra el neto"},{"ancestorTitles":["Importador — números en formato chileno"],"duration":0,"failing":false,"failureDetails":[],"failureMessages":[],"fullName":"Importador — números en formato chileno interpreta el punto como separador de miles","invocations":1,"location":null,"numPassingAsserts":2,"retryReasons":[],"startAt":1789356802898,"status":"passed","title":"interpreta el punto como separador de miles"},{"ancestorTitles":["Importador — números en formato chileno"],"duration":0,"failing":false,"failureDetails":[],"failureMessages":[],"fullName":"Importador — números en formato chileno interpreta la coma como decimal y redondea a entero CLP","invocations":1,"location":null,"numPassingAsserts":3,"retryReasons":[],"startAt":1789356802899,"status":"passed","title":"interpreta la coma como decimal y redondea a entero CLP"},{"ancestorTitles":["Importador — números en formato chileno"],"duration":6,"failing":false,"failureDetails":[],"failureMessages":[],"fullName":"Importador — números en formato chileno tolera el símbolo de peso y los espacios","invocations":1,"location":null,"numPassingAsserts":2,"retryReasons":[],"startAt":1789356802899,"status":"passed","title":"tolera el símbolo de peso y los espacios"},{"ancestorTitles":["Importador — números en formato chileno"],"duration":0,"failing":false,"failureDetails":[],"failureMessages":[],"fullName":"Importador — números en formato chileno acepta números simples y el cero","invocations":1,"location":null,"numPassingAsserts":2,"retryReasons":[],"startAt":1789356802905,"status":"passed","title":"acepta números simples y el cero"},{"ancestorTitles":["Importador — números en formato chileno"],"duration":30,"failing":false,"failureDetails":[],"failureMessages":[],"fullName":"Importador — números en formato chileno rechaza texto y vacíos en vez de devolver un número inventado","invocations":1,"location":null,"numPassingAsserts":4,"retryReasons":[],"startAt":1789356802906,"status":"passed","title":"rechaza texto y vacíos en vez de devolver un número inventado"},{"ancestorTitles":["Importador — números en formato chileno"],"duration":0,"failing":false,"failureDetails":[],"failureMessages":[],"fullName":"Importador — números en formato chileno un punto con menos de 3 decimales se trata como decimal, no como miles","invocations":1,"location":null,"numPassingAsserts":2,"retryReasons":[],"startAt":1789356802936,"status":"passed","title":"un punto con menos de 3 decimales se trata como decimal, no como miles"},{"ancestorTitles":["Importador — números en formato chileno"],"duration":1,"failing":false,"failureDetails":[],"failureMessages":[],"fullName":"Importador — números en formato chileno una coma con exactamente 3 dígitos es separador de miles, no decimal","invocations":1,"location":null,"numPassingAsserts":2,"retryReasons":[],"startAt":1789356802938,"status":"passed","title":"una coma con exactamente 3 dígitos es separador de miles, no decimal"},{"ancestorTitles":["Importador — números en formato chileno"],"duration":2,"failing":false,"failureDetails":[],"failureMessages":[],"fullName":"Importador — números en formato chileno el formato inglés completo también se interpreta bien","invocations":1,"location":null,"numPassingAsserts":1,"retryReasons":[],"startAt":1789356802939,"status":"passed","title":"el formato inglés completo también se interpreta bien"},{"ancestorTitles":["Importador — números en formato chileno"],"duration":0,"failing":false,"failureDetails":[],"failureMessages":[],"fullName":"Importador — números en formato chileno sigue tratando como decimal la coma con 1 o 2 dígitos","invocations":1,"location":null,"numPassingAsserts":2,"retryReasons":[],"startAt":1789356802941,"status":"passed","title":"sigue tratando como decimal la coma con 1 o 2 dígitos"},{"ancestorTitles":["Importador — sí/no de planilla"],"duration":2,"failing":false,"failureDetails":[],"failureMessages":[],"fullName":"Importador — sí/no de planilla acepta las formas que la gente escribe","invocations":1,"location":null,"numPassingAsserts":11,"retryReasons":[],"startAt":1789356802941,"status":"passed","title":"acepta las formas que la gente escribe"},{"ancestorTitles":["Importador — sí/no de planilla"],"duration":0,"failing":false,"failureDetails":[],"failureMessages":[],"fullName":"Importador — sí/no de planilla devuelve null ante algo que no entiende, en vez de asumir","invocations":1,"location":null,"numPassingAsserts":2,"retryReasons":[],"startAt":1789356802947,"status":"passed","title":"devuelve null ante algo que no entiende, en vez de asumir"},{"ancestorTitles":["POS — productos exentos"],"duration":1,"failing":false,"failureDetails":[],"failureMessages":[],"fullName":"POS — productos exentos una línea exenta no paga IVA y va al monto exento","invocations":1,"location":null,"numPassingAsserts":4,"retryReasons":[],"startAt":1789356802947,"status":"passed","title":"una línea exenta no paga IVA y va al monto exento"},{"ancestorTitles":["POS — productos exentos"],"duration":6,"failing":false,"failureDetails":[],"failureMessages":[],"fullName":"POS — productos exentos mezcla afecto y exento cobrando IVA solo sobre lo afecto","invocations":1,"location":null,"numPassingAsserts":4,"retryReasons":[],"startAt":1789356802948,"status":"passed","title":"mezcla afecto y exento cobrando IVA solo sobre lo afecto"},{"ancestorTitles":["Importador — RUT de las plantillas y del receptor genérico"],"duration":1,"failing":false,"failureDetails":[],"failureMessages":[],"fullName":"Importador — RUT de las plantillas y del receptor genérico el RUT de ejemplo de la plantilla de contactos es válido","invocations":1,"location":null,"numPassingAsserts":3,"retryReasons":[],"startAt":1789356802954,"status":"passed","title":"el RUT de ejemplo de la plantilla de contactos es válido"},{"ancestorTitles":["Importador — RUT de las plantillas y del receptor genérico"],"duration":0,"failing":false,"failureDetails":[],"failureMessages":[],"fullName":"Importador — RUT de las plantillas y del receptor genérico el receptor genérico de boletas del POS es un RUT válido","invocations":1,"location":null,"numPassingAsserts":1,"retryReasons":[],"startAt":1789356802955,"status":"passed","title":"el receptor genérico de boletas del POS es un RUT válido"},{"ancestorTitles":["Importador — RUT de las plantillas y del receptor genérico"],"duration":2,"failing":false,"failureDetails":[],"failureMessages":[],"fullName":"Importador — RUT de las plantillas y del receptor genérico formatRut deja el formato canónico que espera el resto del sistema","invocations":1,"location":null,"numPassingAsserts":2,"retryReasons":[],"startAt":1789356802955,"status":"passed","title":"formatRut deja el formato canónico que espera el resto del sistema"},{"ancestorTitles":["Importador — encabezados"],"duration":1,"failing":false,"failureDetails":[],"failureMessages":[],"fullName":"Importador — encabezados normaliza tildes, mayúsculas y separadores","invocations":1,"location":null,"numPassingAsserts":4,"retryReasons":[],"startAt":1789356802957,"status":"passed","title":"normaliza tildes, mayúsculas y separadores"},{"ancestorTitles":["Importador — encabezados"],"duration":3,"failing":false,"failureDetails":[],"failureMessages":[],"fullName":"Importador — encabezados mapea encabezados en español a los campos de producto","invocations":1,"location":null,"numPassingAsserts":5,"retryReasons":[],"startAt":1789356802958,"status":"passed","title":"mapea encabezados en español a los campos de producto"},{"ancestorTitles":["Importador — encabezados"],"duration":1,"failing":false,"failureDetails":[],"failureMessages":[],"fullName":"Importador — encabezados reporta las columnas obligatorias que faltan","invocations":1,"location":null,"numPassingAsserts":1,"retryReasons":[],"startAt":1789356802961,"status":"passed","title":"reporta las columnas obligatorias que faltan"},{"ancestorTitles":["Importador — encabezados"],"duration":0,"failing":false,"failureDetails":[],"failureMessages":[],"fullName":"Importador — encabezados lista los encabezados desconocidos en vez de fallar","invocations":1,"location":null,"numPassingAsserts":2,"retryReasons":[],"startAt":1789356802962,"status":"passed","title":"lista los encabezados desconocidos en vez de fallar"},{"ancestorTitles":["Importador — encabezados"],"duration":9,"failing":false,"failureDetails":[],"failureMessages":[],"fullName":"Importador — encabezados mapea los encabezados de contactos, incluido RUT","invocations":1,"location":null,"numPassingAsserts":5,"retryReasons":[],"startAt":1789356802962,"status":"passed","title":"mapea los encabezados de contactos, incluido RUT"},{"ancestorTitles":["Importador — encabezados"],"duration":0,"failing":false,"failureDetails":[],"failureMessages":[],"fullName":"Importador — encabezados no asigna dos campos al mismo encabezado","invocations":1,"location":null,"numPassingAsserts":1,"retryReasons":[],"startAt":1789356802972,"status":"passed","title":"no asigna dos campos al mismo encabezado"},{"ancestorTitles":["Importador Refactorizado — Validación de Ventas Históricas"],"duration":0,"failing":false,"failureDetails":[],"failureMessages":[],"fullName":"Importador Refactorizado — Validación de Ventas Históricas permite RUTs que no existen previamente en la base (auto-creación)","invocations":1,"location":null,"numPassingAsserts":1,"retryReasons":[],"startAt":1789356802974,"status":"passed","title":"permite RUTs que no existen previamente en la base (auto-creación)"},{"ancestorTitles":["Importador Refactorizado — Validación de Ventas Históricas"],"duration":1,"failing":false,"failureDetails":[],"failureMessages":[],"fullName":"Importador Refactorizado — Validación de Ventas Históricas rechaza RUTs con dígito verificador inválido","invocations":1,"location":null,"numPassingAsserts":1,"retryReasons":[],"startAt":1789356802974,"status":"passed","title":"rechaza RUTs con dígito verificador inválido"},{"ancestorTitles":["Importador Refactorizado — Validación de Ventas Históricas"],"duration":2,"failing":false,"failureDetails":[],"failureMessages":[],"fullName":"Importador Refactorizado — Validación de Ventas Históricas exige Folio obligatorio","invocations":1,"location":null,"numPassingAsserts":1,"retryReasons":[],"startAt":1789356802975,"status":"passed","title":"exige Folio obligatorio"},{"ancestorTitles":["Importador Refactorizado — Validación de Ventas Históricas"],"duration":3,"failing":false,"failureDetails":[],"failureMessages":[],"fullName":"Importador Refactorizado — Validación de Ventas Históricas reconoce tipos de documento incluidos Nota de Crédito 61 y Boleta 39","invocations":1,"location":null,"numPassingAsserts":9,"retryReasons":[],"startAt":1789356802977,"status":"passed","title":"reconoce tipos de documento incluidos Nota de Crédito 61 y Boleta 39"},{"ancestorTitles":["Importador Refactorizado — Validación de Compras Históricas"],"duration":0,"failing":false,"failureDetails":[],"failureMessages":[],"fullName":"Importador Refactorizado — Validación de Compras Históricas permite RUTs de proveedor que no existen previamente en la base","invocations":1,"location":null,"numPassingAsserts":1,"retryReasons":[],"startAt":1789356802981,"status":"passed","title":"permite RUTs de proveedor que no existen previamente en la base"},{"ancestorTitles":["Importador Refactorizado — Validación de Compras Históricas"],"duration":3,"failing":false,"failureDetails":[],"failureMessages":[],"fullName":"Importador Refactorizado — Validación de Compras Históricas reconoce tipos de documento de compras incluidos NOTA_CREDITO","invocations":1,"location":null,"numPassingAsserts":6,"retryReasons":[],"startAt":1789356802981,"status":"passed","title":"reconoce tipos de documento de compras incluidos NOTA_CREDITO"},{"ancestorTitles":["Importador Refactorizado — Validación de Compras Históricas"],"duration":1,"failing":false,"failureDetails":[],"failureMessages":[],"fullName":"Importador Refactorizado — Validación de Compras Históricas exige Folio obligatorio en compras","invocations":1,"location":null,"numPassingAsserts":1,"retryReasons":[],"startAt":1789356802984,"status":"passed","title":"exige Folio obligatorio en compras"},{"ancestorTitles":["Importador Refactorizado — Columnas y Esquema"],"duration":1,"failing":false,"failureDetails":[],"failureMessages":[],"fullName":"Importador Refactorizado — Columnas y Esquema historicalSales contiene todas las columnas requeridas y no tiene columnas deprecadas","invocations":1,"location":null,"numPassingAsserts":4,"retryReasons":[],"startAt":1789356802985,"status":"passed","title":"historicalSales contiene todas las columnas requeridas y no tiene columnas deprecadas"},{"ancestorTitles":["Importador Refactorizado — Columnas y Esquema"],"duration":1,"failing":false,"failureDetails":[],"failureMessages":[],"fullName":"Importador Refactorizado — Columnas y Esquema historicalPurchases contiene todas las columnas requeridas y no tiene columnas deprecadas","invocations":1,"location":null,"numPassingAsserts":3,"retryReasons":[],"startAt":1789356802986,"status":"passed","title":"historicalPurchases contiene todas las columnas requeridas y no tiene columnas deprecadas"},{"ancestorTitles":["Importador — Parseo de Fechas y Decimales"],"duration":1,"failing":false,"failureDetails":[],"failureMessages":[],"fullName":"Importador — Parseo de Fechas y Decimales parseChileanDate acepta AAAA-MM-DD y DD-MM-AAAA","invocations":1,"location":null,"numPassingAsserts":4,"retryReasons":[],"startAt":1789356802987,"status":"passed","title":"parseChileanDate acepta AAAA-MM-DD y DD-MM-AAAA"},{"ancestorTitles":["Importador — Parseo de Fechas y Decimales"],"duration":0,"failing":false,"failureDetails":[],"failureMessages":[],"fullName":"Importador — Parseo de Fechas y Decimales parseChileanDecimal conserva decimales para cantidades","invocations":1,"location":null,"numPassingAsserts":3,"retryReasons":[],"startAt":1789356802988,"status":"passed","title":"parseChileanDecimal conserva decimales para cantidades"}],"endTime":1789356802997,"message":"","name":"D:\\ERP\\tests\\pos-import.test.ts","startTime":1789356754134,"status":"passed","summary":""},{"assertionResults":[{"ancestorTitles":["sniffImageType — detección de imagen por magic bytes"],"duration":1,"failing":false,"failureDetails":[],"failureMessages":[],"fullName":"sniffImageType — detección de imagen por magic bytes reconoce un JPEG por su firma FF D8 FF, sin importar el resto de bytes","invocations":1,"location":null,"numPassingAsserts":1,"retryReasons":[],"startAt":1789356803301,"status":"passed","title":"reconoce un JPEG por su firma FF D8 FF, sin importar el resto de bytes"},{"ancestorTitles":["sniffImageType — detección de imagen por magic bytes"],"duration":3,"failing":false,"failureDetails":[],"failureMessages":[],"fullName":"sniffImageType — detección de imagen por magic bytes reconoce un PNG por su firma de 8 bytes","invocations":1,"location":null,"numPassingAsserts":1,"retryReasons":[],"startAt":1789356803302,"status":"passed","title":"reconoce un PNG por su firma de 8 bytes"},{"ancestorTitles":["sniffImageType — detección de imagen por magic bytes"],"duration":0,"failing":false,"failureDetails":[],"failureMessages":[],"fullName":"sniffImageType — detección de imagen por magic bytes devuelve null para un archivo que no es ni JPEG ni PNG (ej. un PDF disfrazado)","invocations":1,"location":null,"numPassingAsserts":1,"retryReasons":[],"startAt":1789356803306,"status":"passed","title":"devuelve null para un archivo que no es ni JPEG ni PNG (ej. un PDF disfrazado)"},{"ancestorTitles":["sniffImageType — detección de imagen por magic bytes"],"duration":0,"failing":false,"failureDetails":[],"failureMessages":[],"fullName":"sniffImageType — detección de imagen por magic bytes devuelve null para un archivo vacío","invocations":1,"location":null,"numPassingAsserts":1,"retryReasons":[],"startAt":1789356803313,"status":"passed","title":"devuelve null para un archivo vacío"},{"ancestorTitles":["sniffImageType — detección de imagen por magic bytes"],"duration":8,"failing":false,"failureDetails":[],"failureMessages":[],"fullName":"sniffImageType — detección de imagen por magic bytes devuelve null cuando hay menos bytes que la firma completa, en vez de lanzar","invocations":1,"location":null,"numPassingAsserts":2,"retryReasons":[],"startAt":1789356803313,"status":"passed","title":"devuelve null cuando hay menos bytes que la firma completa, en vez de lanzar"},{"ancestorTitles":["sniffImageType — detección de imagen por magic bytes"],"duration":0,"failing":false,"failureDetails":[],"failureMessages":[],"fullName":"sniffImageType — detección de imagen por magic bytes no se deja engañar por un GIF con extensión .jpg falsificada","invocations":1,"location":null,"numPassingAsserts":1,"retryReasons":[],"startAt":1789356803322,"status":"passed","title":"no se deja engañar por un GIF con extensión .jpg falsificada"},{"ancestorTitles":["sniffImageType — detección de imagen por magic bytes"],"duration":7,"failing":false,"failureDetails":[],"failureMessages":[],"fullName":"sniffImageType — detección de imagen por magic bytes exige que los primeros bytes coincidan exactamente (un byte corrido no cuenta)","invocations":1,"location":null,"numPassingAsserts":1,"retryReasons":[],"startAt":1789356803323,"status":"passed","title":"exige que los primeros bytes coincidan exactamente (un byte corrido no cuenta)"},{"ancestorTitles":["isAllowedBlobUrl — allowlist contra SSRF en URLs de archivo"],"duration":4,"failing":false,"failureDetails":[],"failureMessages":[],"fullName":"isAllowedBlobUrl — allowlist contra SSRF en URLs de archivo acepta una URL real de Vercel Blob (subdominio .public.blob.vercel-storage.com)","invocations":1,"location":null,"numPassingAsserts":1,"retryReasons":[],"startAt":1789356803330,"status":"passed","title":"acepta una URL real de Vercel Blob (subdominio .public.blob.vercel-storage.com)"},{"ancestorTitles":["isAllowedBlobUrl — allowlist contra SSRF en URLs de archivo"],"duration":1,"failing":false,"failureDetails":[],"failureMessages":[],"fullName":"isAllowedBlobUrl — allowlist contra SSRF en URLs de archivo rechaza http:// aunque el resto del dominio sea válido","invocations":1,"location":null,"numPassingAsserts":1,"retryReasons":[],"startAt":1789356803334,"status":"passed","title":"rechaza http:// aunque el resto del dominio sea válido"},{"ancestorTitles":["isAllowedBlobUrl — allowlist contra SSRF en URLs de archivo"],"duration":0,"failing":false,"failureDetails":[],"failureMessages":[],"fullName":"isAllowedBlobUrl — allowlist contra SSRF en URLs de archivo rechaza un intento de SSRF hacia metadata interna (IP de enlace local)","invocations":1,"location":null,"numPassingAsserts":2,"retryReasons":[],"startAt":1789356803335,"status":"passed","title":"rechaza un intento de SSRF hacia metadata interna (IP de enlace local)"},{"ancestorTitles":["isAllowedBlobUrl — allowlist contra SSRF en URLs de archivo"],"duration":0,"failing":false,"failureDetails":[],"failureMessages":[],"fullName":"isAllowedBlobUrl — allowlist contra SSRF en URLs de archivo rechaza un dominio que solo imita el sufijo permitido dentro de la ruta o como subdominio de otro host","invocations":1,"location":null,"numPassingAsserts":2,"retryReasons":[],"startAt":1789356803336,"status":"passed","title":"rechaza un dominio que solo imita el sufijo permitido dentro de la ruta o como subdominio de otro host"},{"ancestorTitles":["isAllowedBlobUrl — allowlist contra SSRF en URLs de archivo"],"duration":4,"failing":false,"failureDetails":[],"failureMessages":[],"fullName":"isAllowedBlobUrl — allowlist contra SSRF en URLs de archivo rechaza otros dominios de storage legítimos pero no autorizados","invocations":1,"location":null,"numPassingAsserts":2,"retryReasons":[],"startAt":1789356803336,"status":"passed","title":"rechaza otros dominios de storage legítimos pero no autorizados"},{"ancestorTitles":["isAllowedBlobUrl — allowlist contra SSRF en URLs de archivo"],"duration":1,"failing":false,"failureDetails":[],"failureMessages":[],"fullName":"isAllowedBlobUrl — allowlist contra SSRF en URLs de archivo rechaza strings que no son URLs válidas en vez de lanzar una excepción","invocations":1,"location":null,"numPassingAsserts":3,"retryReasons":[],"startAt":1789356803340,"status":"passed","title":"rechaza strings que no son URLs válidas en vez de lanzar una excepción"},{"ancestorTitles":["Redacción de campos sensibles en las Server Actions de candidatas"],"duration":1331,"failing":false,"failureDetails":[],"failureMessages":[],"fullName":"Redacción de campos sensibles en las Server Actions de candidatas getCandidateAction enmascara todos los campos sensibles sin el permiso candidates:sensitive","invocations":1,"location":null,"numPassingAsserts":18,"retryReasons":[],"startAt":1789356803341,"status":"passed","title":"getCandidateAction enmascara todos los campos sensibles sin el permiso candidates:sensitive"},{"ancestorTitles":["Redacción de campos sensibles en las Server Actions de candidatas"],"duration":283,"failing":false,"failureDetails":[],"failureMessages":[],"fullName":"Redacción de campos sensibles en las Server Actions de candidatas getCandidateAction deja todos los campos intactos con candidates:sensitive","invocations":1,"location":null,"numPassingAsserts":6,"retryReasons":[],"startAt":1789356804679,"status":"passed","title":"getCandidateAction deja todos los campos intactos con candidates:sensitive"},{"ancestorTitles":["Redacción de campos sensibles en las Server Actions de candidatas"],"duration":343,"failing":false,"failureDetails":[],"failureMessages":[],"fullName":"Redacción de campos sensibles en las Server Actions de candidatas listCandidatesAction redacta cada elemento del listado, no solo el primero","invocations":1,"location":null,"numPassingAsserts":4,"retryReasons":[],"startAt":1789356804962,"status":"passed","title":"listCandidatesAction redacta cada elemento del listado, no solo el primero"},{"ancestorTitles":["Redacción de campos sensibles en las Server Actions de candidatas"],"duration":278,"failing":false,"failureDetails":[],"failureMessages":[],"fullName":"Redacción de campos sensibles en las Server Actions de candidatas createCandidateAction también redacta la ficha recién creada en la respuesta","invocations":1,"location":null,"numPassingAsserts":3,"retryReasons":[],"startAt":1789356805305,"status":"passed","title":"createCandidateAction también redacta la ficha recién creada en la respuesta"}],"endTime":1789356805590,"message":"","name":"D:\\ERP\\tests\\candidates-security.test.ts","startTime":1789356803017,"status":"passed","summary":""},{"assertionResults":[{"ancestorTitles":["Libro Excel — hojas de datos"],"duration":2,"failing":false,"failureDetails":[],"failureMessages":[],"fullName":"Libro Excel — hojas de datos genera todas las hojas esperadas","invocations":1,"location":null,"numPassingAsserts":1,"retryReasons":[],"startAt":1789356808453,"status":"passed","title":"genera todas las hojas esperadas"},{"ancestorTitles":["Libro Excel — hojas de datos"],"duration":1,"failing":false,"failureDetails":[],"failureMessages":[],"fullName":"Libro Excel — hojas de datos escribe los datos bajo el encabezado, sin desfase de filas","invocations":1,"location":null,"numPassingAsserts":4,"retryReasons":[],"startAt":1789356808456,"status":"passed","title":"escribe los datos bajo el encabezado, sin desfase de filas"},{"ancestorTitles":["Libro Excel — hojas de datos"],"duration":0,"failing":false,"failureDetails":[],"failureMessages":[],"fullName":"Libro Excel — hojas de datos mantiene el estado como enum crudo, que es contra lo que filtran los SUMIFS","invocations":1,"location":null,"numPassingAsserts":1,"retryReasons":[],"startAt":1789356808458,"status":"passed","title":"mantiene el estado como enum crudo, que es contra lo que filtran los SUMIFS"},{"ancestorTitles":["Panel — las fórmulas apuntan a celdas válidas"],"duration":3,"failing":false,"failureDetails":[],"failureMessages":[],"fullName":"Panel — las fórmulas apuntan a celdas válidas ninguna fórmula referencia una fila inexistente (fila 0 corrompe el libro)","invocations":1,"location":null,"numPassingAsserts":3,"retryReasons":[],"startAt":1789356808459,"status":"passed","title":"ninguna fórmula referencia una fila inexistente (fila 0 corrompe el libro)"},{"ancestorTitles":["Panel — las fórmulas apuntan a celdas válidas"],"duration":1,"failing":false,"failureDetails":[],"failureMessages":[],"fullName":"Panel — las fórmulas apuntan a celdas válidas % Margen bruto divide margen bruto por ventas netas","invocations":1,"location":null,"numPassingAsserts":1,"retryReasons":[],"startAt":1789356808462,"status":"passed","title":"% Margen bruto divide margen bruto por ventas netas"},{"ancestorTitles":["Panel — las fórmulas apuntan a celdas válidas"],"duration":1,"failing":false,"failureDetails":[],"failureMessages":[],"fullName":"Panel — las fórmulas apuntan a celdas válidas Ticket promedio divide ventas netas por el número de documentos emitidos","invocations":1,"location":null,"numPassingAsserts":1,"retryReasons":[],"startAt":1789356808464,"status":"passed","title":"Ticket promedio divide ventas netas por el número de documentos emitidos"},{"ancestorTitles":["Panel — las fórmulas apuntan a celdas válidas"],"duration":2,"failing":false,"failureDetails":[],"failureMessages":[],"fullName":"Panel — las fórmulas apuntan a celdas válidas el resultado comercial y el estimador de IVA vienen del resumen precalculado, no de SUMIFS","invocations":1,"location":null,"numPassingAsserts":8,"retryReasons":[],"startAt":1789356808465,"status":"passed","title":"el resultado comercial y el estimador de IVA vienen del resumen precalculado, no de SUMIFS"},{"ancestorTitles":["Panel — los SUMIFS apuntan a la columna correcta de cada hoja"],"duration":3,"failing":false,"failureDetails":[],"failureMessages":[],"fullName":"Panel — los SUMIFS apuntan a la columna correcta de cada hoja Cuentas por cobrar suma Ventas!Saldo filtrando por Estado","invocations":1,"location":null,"numPassingAsserts":1,"retryReasons":[],"startAt":1789356808468,"status":"passed","title":"Cuentas por cobrar suma Ventas!Saldo filtrando por Estado"},{"ancestorTitles":["Panel — los SUMIFS apuntan a la columna correcta de cada hoja"],"duration":1,"failing":false,"failureDetails":[],"failureMessages":[],"fullName":"Panel — los SUMIFS apuntan a la columna correcta de cada hoja Cuentas por pagar suma Compras!Saldo filtrando por Estado","invocations":1,"location":null,"numPassingAsserts":1,"retryReasons":[],"startAt":1789356808471,"status":"passed","title":"Cuentas por pagar suma Compras!Saldo filtrando por Estado"},{"ancestorTitles":["Panel — los SUMIFS apuntan a la columna correcta de cada hoja"],"duration":2,"failing":false,"failureDetails":[],"failureMessages":[],"fullName":"Panel — los SUMIFS apuntan a la columna correcta de cada hoja los KPI de inventario suman las columnas Valorizado y Cantidad","invocations":1,"location":null,"numPassingAsserts":3,"retryReasons":[],"startAt":1789356808473,"status":"passed","title":"los KPI de inventario suman las columnas Valorizado y Cantidad"},{"ancestorTitles":["Panel — los SUMIFS apuntan a la columna correcta de cada hoja"],"duration":1,"failing":false,"failureDetails":[],"failureMessages":[],"fullName":"Panel — los SUMIFS apuntan a la columna correcta de cada hoja los KPI de caja filtran la columna Dirección de Pagos","invocations":1,"location":null,"numPassingAsserts":2,"retryReasons":[],"startAt":1789356808475,"status":"passed","title":"los KPI de caja filtran la columna Dirección de Pagos"},{"ancestorTitles":["Panel — los valores resueltos cuadran con el dataset"],"duration":2,"failing":false,"failureDetails":[],"failureMessages":[],"fullName":"Panel — los valores resueltos cuadran con el dataset suma solo documentos emitidos y descarta borradores y anulados","invocations":1,"location":null,"numPassingAsserts":7,"retryReasons":[],"startAt":1789356808476,"status":"passed","title":"suma solo documentos emitidos y descarta borradores y anulados"},{"ancestorTitles":["Panel — los valores resueltos cuadran con el dataset"],"duration":2,"failing":false,"failureDetails":[],"failureMessages":[],"fullName":"Panel — los valores resueltos cuadran con el dataset el IVA a pagar del período es el débito menos el crédito","invocations":1,"location":null,"numPassingAsserts":1,"retryReasons":[],"startAt":1789356808478,"status":"passed","title":"el IVA a pagar del período es el débito menos el crédito"},{"ancestorTitles":["Panel — los valores resueltos cuadran con el dataset"],"duration":0,"failing":false,"failureDetails":[],"failureMessages":[],"fullName":"Panel — los valores resueltos cuadran con el dataset el inventario valorizado suma cantidad × PMP de todas las bodegas","invocations":1,"location":null,"numPassingAsserts":1,"retryReasons":[],"startAt":1789356808480,"status":"passed","title":"el inventario valorizado suma cantidad × PMP de todas las bodegas"},{"ancestorTitles":["Panel — los valores resueltos cuadran con el dataset"],"duration":1,"failing":false,"failureDetails":[],"failureMessages":[],"fullName":"Panel — los valores resueltos cuadran con el dataset el flujo neto del período es ingresos menos egresos","invocations":1,"location":null,"numPassingAsserts":1,"retryReasons":[],"startAt":1789356808480,"status":"passed","title":"el flujo neto del período es ingresos menos egresos"},{"ancestorTitles":["Panel — los valores resueltos cuadran con el dataset"],"duration":0,"failing":false,"failureDetails":[],"failureMessages":[],"fullName":"Panel — los valores resueltos cuadran con el dataset marca bajo mínimo como booleano, que es lo que COUNTIFS(...,TRUE) cuenta","invocations":1,"location":null,"numPassingAsserts":2,"retryReasons":[],"startAt":1789356808481,"status":"passed","title":"marca bajo mínimo como booleano, que es lo que COUNTIFS(...,TRUE) cuenta"}],"endTime":1789356808484,"message":"","name":"D:\\ERP\\tests\\report-workbook.test.ts","startTime":1789356805623,"status":"passed","summary":""},{"assertionResults":[{"ancestorTitles":["passwordPolicySchema"],"duration":1,"failing":false,"failureDetails":[],"failureMessages":[],"fullName":"passwordPolicySchema acepta una contraseña que cumple las 4 reglas","invocations":1,"location":null,"numPassingAsserts":1,"retryReasons":[],"startAt":1789356808931,"status":"passed","title":"acepta una contraseña que cumple las 4 reglas"},{"ancestorTitles":["passwordPolicySchema"],"duration":2,"failing":false,"failureDetails":[],"failureMessages":[],"fullName":"passwordPolicySchema rechaza menos del mínimo de caracteres","invocations":1,"location":null,"numPassingAsserts":1,"retryReasons":[],"startAt":1789356808932,"status":"passed","title":"rechaza menos del mínimo de caracteres"},{"ancestorTitles":["passwordPolicySchema"],"duration":0,"failing":false,"failureDetails":[],"failureMessages":[],"fullName":"passwordPolicySchema rechaza sin mayúscula","invocations":1,"location":null,"numPassingAsserts":1,"retryReasons":[],"startAt":1789356808934,"status":"passed","title":"rechaza sin mayúscula"},{"ancestorTitles":["passwordPolicySchema"],"duration":1,"failing":false,"failureDetails":[],"failureMessages":[],"fullName":"passwordPolicySchema rechaza sin minúscula","invocations":1,"location":null,"numPassingAsserts":1,"retryReasons":[],"startAt":1789356808934,"status":"passed","title":"rechaza sin minúscula"},{"ancestorTitles":["passwordPolicySchema"],"duration":1,"failing":false,"failureDetails":[],"failureMessages":[],"fullName":"passwordPolicySchema rechaza sin número","invocations":1,"location":null,"numPassingAsserts":1,"retryReasons":[],"startAt":1789356808935,"status":"passed","title":"rechaza sin número"},{"ancestorTitles":["generateRandomPassword"],"duration":116,"failing":false,"failureDetails":[],"failureMessages":[],"fullName":"generateRandomPassword siempre cumple passwordPolicySchema (100 corridas)","invocations":1,"location":null,"numPassingAsserts":100,"retryReasons":[],"startAt":1789356808936,"status":"passed","title":"siempre cumple passwordPolicySchema (100 corridas)"},{"ancestorTitles":["generateRandomPassword"],"duration":1,"failing":false,"failureDetails":[],"failureMessages":[],"fullName":"generateRandomPassword tiene el formato Xxxx-Xxxx-Xxxx","invocations":1,"location":null,"numPassingAsserts":1,"retryReasons":[],"startAt":1789356809052,"status":"passed","title":"tiene el formato Xxxx-Xxxx-Xxxx"},{"ancestorTitles":["generateRandomPassword"],"duration":81,"failing":false,"failureDetails":[],"failureMessages":[],"fullName":"generateRandomPassword evita caracteres ambiguos (I, l, O, 0, 1)","invocations":1,"location":null,"numPassingAsserts":50,"retryReasons":[],"startAt":1789356809053,"status":"passed","title":"evita caracteres ambiguos (I, l, O, 0, 1)"},{"ancestorTitles":["generateRandomPassword"],"duration":5,"failing":false,"failureDetails":[],"failureMessages":[],"fullName":"generateRandomPassword no repite la misma contraseña en corridas sucesivas","invocations":1,"location":null,"numPassingAsserts":1,"retryReasons":[],"startAt":1789356809137,"status":"passed","title":"no repite la misma contraseña en corridas sucesivas"}],"endTime":1789356809142,"message":"","name":"D:\\ERP\\tests\\password-policy.test.ts","startTime":1789356808504,"status":"passed","summary":""},{"assertionResults":[{"ancestorTitles":["emitWorkflowEvent"],"duration":4,"failing":false,"failureDetails":[],"failureMessages":[],"fullName":"emitWorkflowEvent no hace nada si no hay reglas activas para ese disparador","invocations":1,"location":null,"numPassingAsserts":1,"retryReasons":[],"startAt":1789356809699,"status":"passed","title":"no hace nada si no hay reglas activas para ese disparador"},{"ancestorTitles":["emitWorkflowEvent"],"duration":1,"failing":false,"failureDetails":[],"failureMessages":[],"fullName":"emitWorkflowEvent no ejecuta acciones ni registra ejecución si las condiciones no matchean","invocations":1,"location":null,"numPassingAsserts":2,"retryReasons":[],"startAt":1789356809703,"status":"passed","title":"no ejecuta acciones ni registra ejecución si las condiciones no matchean"},{"ancestorTitles":["emitWorkflowEvent"],"duration":1,"failing":false,"failureDetails":[],"failureMessages":[],"fullName":"emitWorkflowEvent ejecuta las acciones en el orden declarado","invocations":1,"location":null,"numPassingAsserts":1,"retryReasons":[],"startAt":1789356809705,"status":"passed","title":"ejecuta las acciones en el orden declarado"},{"ancestorTitles":["emitWorkflowEvent"],"duration":4,"failing":false,"failureDetails":[],"failureMessages":[],"fullName":"emitWorkflowEvent marca SUCCESS cuando todas las acciones tienen éxito","invocations":1,"location":null,"numPassingAsserts":1,"retryReasons":[],"startAt":1789356809706,"status":"passed","title":"marca SUCCESS cuando todas las acciones tienen éxito"},{"ancestorTitles":["emitWorkflowEvent"],"duration":6,"failing":false,"failureDetails":[],"failureMessages":[],"fullName":"emitWorkflowEvent marca FAILED cuando ninguna acción tiene éxito","invocations":1,"location":null,"numPassingAsserts":1,"retryReasons":[],"startAt":1789356809710,"status":"passed","title":"marca FAILED cuando ninguna acción tiene éxito"},{"ancestorTitles":["emitWorkflowEvent"],"duration":1,"failing":false,"failureDetails":[],"failureMessages":[],"fullName":"emitWorkflowEvent marca PARTIAL_FAILURE cuando algunas acciones fallan y otras no","invocations":1,"location":null,"numPassingAsserts":1,"retryReasons":[],"startAt":1789356809716,"status":"passed","title":"marca PARTIAL_FAILURE cuando algunas acciones fallan y otras no"},{"ancestorTitles":["emitWorkflowEvent"],"duration":9,"failing":false,"failureDetails":[],"failureMessages":[],"fullName":"emitWorkflowEvent evalúa cada regla activa del disparador de forma independiente","invocations":1,"location":null,"numPassingAsserts":1,"retryReasons":[],"startAt":1789356809718,"status":"passed","title":"evalúa cada regla activa del disparador de forma independiente"},{"ancestorTitles":["emitWorkflowEvent"],"duration":1,"failing":false,"failureDetails":[],"failureMessages":[],"fullName":"emitWorkflowEvent nunca lanza: un error de base de datos se reporta a observabilidad, no se propaga","invocations":1,"location":null,"numPassingAsserts":2,"retryReasons":[],"startAt":1789356809727,"status":"passed","title":"nunca lanza: un error de base de datos se reporta a observabilidad, no se propaga"},{"ancestorTitles":["emitWorkflowEvent"],"duration":1,"failing":false,"failureDetails":[],"failureMessages":[],"fullName":"emitWorkflowEvent solo consulta reglas activas del disparador y la empresa correctos","invocations":1,"location":null,"numPassingAsserts":1,"retryReasons":[],"startAt":1789356809728,"status":"passed","title":"solo consulta reglas activas del disparador y la empresa correctos"}],"endTime":1789356809735,"message":"","name":"D:\\ERP\\tests\\workflow-engine.test.ts","startTime":1789356809167,"status":"passed","summary":""},{"assertionResults":[{"ancestorTitles":["Mapa de pantallas del asistente"],"duration":22,"failing":false,"failureDetails":[],"failureMessages":[],"fullName":"Mapa de pantallas del asistente todas las rutas del mapa son rutas del dashboard o del panel de plataforma","invocations":1,"location":null,"numPassingAsserts":45,"retryReasons":[],"startAt":1789356811146,"status":"passed","title":"todas las rutas del mapa son rutas del dashboard o del panel de plataforma"},{"ancestorTitles":["Mapa de pantallas del asistente"],"duration":1,"failing":false,"failureDetails":[],"failureMessages":[],"fullName":"Mapa de pantallas del asistente no repite rutas","invocations":1,"location":null,"numPassingAsserts":1,"retryReasons":[],"startAt":1789356811168,"status":"passed","title":"no repite rutas"},{"ancestorTitles":["Mapa de pantallas del asistente"],"duration":2,"failing":false,"failureDetails":[],"failureMessages":[],"fullName":"Mapa de pantallas del asistente una empresa sin módulos contratados solo ve pantallas transversales","invocations":1,"location":null,"numPassingAsserts":15,"retryReasons":[],"startAt":1789356811169,"status":"passed","title":"una empresa sin módulos contratados solo ve pantallas transversales"},{"ancestorTitles":["Mapa de pantallas del asistente"],"duration":1,"failing":false,"failureDetails":[],"failureMessages":[],"fullName":"Mapa de pantallas del asistente un usuario sin permisos no ve las pantallas que exigen uno","invocations":1,"location":null,"numPassingAsserts":11,"retryReasons":[],"startAt":1789356811171,"status":"passed","title":"un usuario sin permisos no ve las pantallas que exigen uno"},{"ancestorTitles":["Mapa de pantallas del asistente"],"duration":1,"failing":false,"failureDetails":[],"failureMessages":[],"fullName":"Mapa de pantallas del asistente Configuración aparece con cualquiera de los permisos de sus secciones","invocations":1,"location":null,"numPassingAsserts":2,"retryReasons":[],"startAt":1789356811172,"status":"passed","title":"Configuración aparece con cualquiera de los permisos de sus secciones"},{"ancestorTitles":["Mapa de pantallas del asistente"],"duration":2,"failing":false,"failureDetails":[],"failureMessages":[],"fullName":"Mapa de pantallas del asistente con todo contratado y todos los permisos se ve el mapa completo","invocations":1,"location":null,"numPassingAsserts":1,"retryReasons":[],"startAt":1789356811173,"status":"passed","title":"con todo contratado y todos los permisos se ve el mapa completo"},{"ancestorTitles":["Pantalla actual del usuario"],"duration":0,"failing":false,"failureDetails":[],"failureMessages":[],"fullName":"Pantalla actual del usuario resuelve la ruta exacta","invocations":1,"location":null,"numPassingAsserts":1,"retryReasons":[],"startAt":1789356811175,"status":"passed","title":"resuelve la ruta exacta"},{"ancestorTitles":["Pantalla actual del usuario"],"duration":1,"failing":false,"failureDetails":[],"failureMessages":[],"fullName":"Pantalla actual del usuario resuelve una subruta hacia su pantalla padre","invocations":1,"location":null,"numPassingAsserts":1,"retryReasons":[],"startAt":1789356811175,"status":"passed","title":"resuelve una subruta hacia su pantalla padre"},{"ancestorTitles":["Pantalla actual del usuario"],"duration":1,"failing":false,"failureDetails":[],"failureMessages":[],"fullName":"Pantalla actual del usuario prefiere la coincidencia más específica sobre /dashboard","invocations":1,"location":null,"numPassingAsserts":1,"retryReasons":[],"startAt":1789356811176,"status":"passed","title":"prefiere la coincidencia más específica sobre /dashboard"},{"ancestorTitles":["Pantalla actual del usuario"],"duration":0,"failing":false,"failureDetails":[],"failureMessages":[],"fullName":"Pantalla actual del usuario devuelve null para una ruta desconocida","invocations":1,"location":null,"numPassingAsserts":1,"retryReasons":[],"startAt":1789356811178,"status":"passed","title":"devuelve null para una ruta desconocida"},{"ancestorTitles":["Flujos y problemas frecuentes"],"duration":1,"failing":false,"failureDetails":[],"failureMessages":[],"fullName":"Flujos y problemas frecuentes un flujo que cruza dos módulos exige ambos contratados","invocations":1,"location":null,"numPassingAsserts":2,"retryReasons":[],"startAt":1789356811179,"status":"passed","title":"un flujo que cruza dos módulos exige ambos contratados"},{"ancestorTitles":["Flujos y problemas frecuentes"],"duration":1,"failing":false,"failureDetails":[],"failureMessages":[],"fullName":"Flujos y problemas frecuentes los problemas de un módulo no contratado no se muestran","invocations":1,"location":null,"numPassingAsserts":2,"retryReasons":[],"startAt":1789356811180,"status":"passed","title":"los problemas de un módulo no contratado no se muestran"},{"ancestorTitles":["Flujos y problemas frecuentes"],"duration":0,"failing":false,"failureDetails":[],"failureMessages":[],"fullName":"Flujos y problemas frecuentes el glosario siempre está disponible, incluso sin módulos","invocations":1,"location":null,"numPassingAsserts":1,"retryReasons":[],"startAt":1789356811182,"status":"passed","title":"el glosario siempre está disponible, incluso sin módulos"},{"ancestorTitles":["Secciones del manual con permiso"],"duration":2,"failing":false,"failureDetails":[],"failureMessages":[],"fullName":"Secciones del manual con permiso una sección con permiso se oculta a quien no lo tiene","invocations":1,"location":null,"numPassingAsserts":2,"retryReasons":[],"startAt":1789356811182,"status":"passed","title":"una sección con permiso se oculta a quien no lo tiene"},{"ancestorTitles":["Secciones del manual con permiso"],"duration":3,"failing":false,"failureDetails":[],"failureMessages":[],"fullName":"Secciones del manual con permiso omitir los permisos devuelve todas las secciones contratadas","invocations":1,"location":null,"numPassingAsserts":1,"retryReasons":[],"startAt":1789356811184,"status":"passed","title":"omitir los permisos devuelve todas las secciones contratadas"},{"ancestorTitles":["Prompt del asistente"],"duration":4,"failing":false,"failureDetails":[],"failureMessages":[],"fullName":"Prompt del asistente incluye empresa, usuario y la pantalla actual","invocations":1,"location":null,"numPassingAsserts":3,"retryReasons":[],"startAt":1789356811187,"status":"passed","title":"incluye empresa, usuario y la pantalla actual"},{"ancestorTitles":["Prompt del asistente"],"duration":1,"failing":false,"failureDetails":[],"failureMessages":[],"fullName":"Prompt del asistente no menciona pantallas de módulos que la empresa no contrató","invocations":1,"location":null,"numPassingAsserts":2,"retryReasons":[],"startAt":1789356811192,"status":"passed","title":"no menciona pantallas de módulos que la empresa no contrató"},{"ancestorTitles":["Prompt del asistente"],"duration":4,"failing":false,"failureDetails":[],"failureMessages":[],"fullName":"Prompt del asistente avisa que no hay acciones cuando el usuario no tiene permisos de escritura","invocations":1,"location":null,"numPassingAsserts":1,"retryReasons":[],"startAt":1789356811193,"status":"passed","title":"avisa que no hay acciones cuando el usuario no tiene permisos de escritura"}],"endTime":1789356811198,"message":"","name":"D:\\ERP\\tests\\manual-assistant-knowledge.test.ts","startTime":1789356809765,"status":"passed","summary":""},{"assertionResults":[{"ancestorTitles":["Rate Limiter"],"duration":5,"failing":false,"failureDetails":[],"failureMessages":[],"fullName":"Rate Limiter permite requests dentro del límite","invocations":1,"location":null,"numPassingAsserts":6,"retryReasons":[],"startAt":1789356811537,"status":"passed","title":"permite requests dentro del límite"},{"ancestorTitles":["Rate Limiter"],"duration":3,"failing":false,"failureDetails":[],"failureMessages":[],"fullName":"Rate Limiter bloquea el request N+1 que excede el límite","invocations":1,"location":null,"numPassingAsserts":4,"retryReasons":[],"startAt":1789356811542,"status":"passed","title":"bloquea el request N+1 que excede el límite"},{"ancestorTitles":["Rate Limiter"],"duration":1,"failing":false,"failureDetails":[],"failureMessages":[],"fullName":"Rate Limiter claves diferentes se contabilizan por separado","invocations":1,"location":null,"numPassingAsserts":2,"retryReasons":[],"startAt":1789356811550,"status":"passed","title":"claves diferentes se contabilizan por separado"},{"ancestorTitles":["Rate Limiter"],"duration":1,"failing":false,"failureDetails":[],"failureMessages":[],"fullName":"Rate Limiter prefijos diferentes se contabilizan por separado","invocations":1,"location":null,"numPassingAsserts":2,"retryReasons":[],"startAt":1789356811555,"status":"passed","title":"prefijos diferentes se contabilizan por separado"},{"ancestorTitles":["Rate Limiter"],"duration":163,"failing":false,"failureDetails":[],"failureMessages":[],"fullName":"Rate Limiter los contadores se resetean después de la ventana","invocations":1,"location":null,"numPassingAsserts":3,"retryReasons":[],"startAt":1789356811556,"status":"passed","title":"los contadores se resetean después de la ventana"},{"ancestorTitles":["Rate Limiter"],"duration":1,"failing":false,"failureDetails":[],"failureMessages":[],"fullName":"Rate Limiter retryAfterMs apunta al momento correcto","invocations":1,"location":null,"numPassingAsserts":3,"retryReasons":[],"startAt":1789356811719,"status":"passed","title":"retryAfterMs apunta al momento correcto"},{"ancestorTitles":["Rate Limiter"],"duration":3,"failing":false,"failureDetails":[],"failureMessages":[],"fullName":"Rate Limiter informa el limit correcto en el resultado","invocations":1,"location":null,"numPassingAsserts":1,"retryReasons":[],"startAt":1789356811721,"status":"passed","title":"informa el limit correcto en el resultado"},{"ancestorTitles":["Configuraciones predefinidas"],"duration":1,"failing":false,"failureDetails":[],"failureMessages":[],"fullName":"Configuraciones predefinidas LOGIN_RATE_LIMIT tiene valores razonables","invocations":1,"location":null,"numPassingAsserts":3,"retryReasons":[],"startAt":1789356811724,"status":"passed","title":"LOGIN_RATE_LIMIT tiene valores razonables"},{"ancestorTitles":["Configuraciones predefinidas"],"duration":0,"failing":false,"failureDetails":[],"failureMessages":[],"fullName":"Configuraciones predefinidas TOTP_RATE_LIMIT tiene valores razonables","invocations":1,"location":null,"numPassingAsserts":3,"retryReasons":[],"startAt":1789356811725,"status":"passed","title":"TOTP_RATE_LIMIT tiene valores razonables"},{"ancestorTitles":["Configuraciones predefinidas"],"duration":0,"failing":false,"failureDetails":[],"failureMessages":[],"fullName":"Configuraciones predefinidas RESET_RATE_LIMIT tiene valores razonables","invocations":1,"location":null,"numPassingAsserts":3,"retryReasons":[],"startAt":1789356811729,"status":"passed","title":"RESET_RATE_LIMIT tiene valores razonables"}],"endTime":1789356811730,"message":"","name":"D:\\ERP\\tests\\security\\rate-limiter.test.ts","startTime":1789356811216,"status":"passed","summary":""},{"assertionResults":[{"ancestorTitles":["candidateSelfRegistrationSchema — formulario público de postulación"],"duration":8,"failing":false,"failureDetails":[],"failureMessages":[],"fullName":"candidateSelfRegistrationSchema — formulario público de postulación acepta un envío realista con todos los campos obligatorios correctos","invocations":1,"location":null,"numPassingAsserts":1,"retryReasons":[],"startAt":1789356812408,"status":"passed","title":"acepta un envío realista con todos los campos obligatorios correctos"},{"ancestorTitles":["candidateSelfRegistrationSchema — formulario público de postulación"],"duration":1,"failing":false,"failureDetails":[],"failureMessages":[],"fullName":"candidateSelfRegistrationSchema — formulario público de postulación rechaza un RUT con dígito verificador inválido","invocations":1,"location":null,"numPassingAsserts":1,"retryReasons":[],"startAt":1789356812419,"status":"passed","title":"rechaza un RUT con dígito verificador inválido"},{"ancestorTitles":["candidateSelfRegistrationSchema — formulario público de postulación"],"duration":3,"failing":false,"failureDetails":[],"failureMessages":[],"fullName":"candidateSelfRegistrationSchema — formulario público de postulación rechaza una comuna que no pertenece a La Araucanía","invocations":1,"location":null,"numPassingAsserts":2,"retryReasons":[],"startAt":1789356812421,"status":"passed","title":"rechaza una comuna que no pertenece a La Araucanía"},{"ancestorTitles":["candidateSelfRegistrationSchema — formulario público de postulación"],"duration":1,"failing":false,"failureDetails":[],"failureMessages":[],"fullName":"candidateSelfRegistrationSchema — formulario público de postulación acepta cualquier comuna real de la lista de La Araucanía","invocations":1,"location":null,"numPassingAsserts":1,"retryReasons":[],"startAt":1789356812424,"status":"passed","title":"acepta cualquier comuna real de la lista de La Araucanía"},{"ancestorTitles":["candidateSelfRegistrationSchema — formulario público de postulación"],"duration":8,"failing":false,"failureDetails":[],"failureMessages":[],"fullName":"candidateSelfRegistrationSchema — formulario público de postulación exige heightCm (a diferencia de candidateCreateSchema, donde es opcional)","invocations":1,"location":null,"numPassingAsserts":2,"retryReasons":[],"startAt":1789356812425,"status":"passed","title":"exige heightCm (a diferencia de candidateCreateSchema, donde es opcional)"},{"ancestorTitles":["candidateSelfRegistrationSchema — formulario público de postulación"],"duration":0,"failing":false,"failureDetails":[],"failureMessages":[],"fullName":"candidateSelfRegistrationSchema — formulario público de postulación rechaza motivación con menos de 80 caracteres","invocations":1,"location":null,"numPassingAsserts":1,"retryReasons":[],"startAt":1789356812433,"status":"passed","title":"rechaza motivación con menos de 80 caracteres"},{"ancestorTitles":["candidateSelfRegistrationSchema — formulario público de postulación"],"duration":7,"failing":false,"failureDetails":[],"failureMessages":[],"fullName":"candidateSelfRegistrationSchema — formulario público de postulación acepta motivación de exactamente 80 caracteres","invocations":1,"location":null,"numPassingAsserts":1,"retryReasons":[],"startAt":1789356812434,"status":"passed","title":"acepta motivación de exactamente 80 caracteres"},{"ancestorTitles":["candidateSelfRegistrationSchema — formulario público de postulación"],"duration":1,"failing":false,"failureDetails":[],"failureMessages":[],"fullName":"candidateSelfRegistrationSchema — formulario público de postulación rechaza motivación de más de 2000 caracteres","invocations":1,"location":null,"numPassingAsserts":1,"retryReasons":[],"startAt":1789356812441,"status":"passed","title":"rechaza motivación de más de 2000 caracteres"},{"ancestorTitles":["candidateSelfRegistrationSchema — formulario público de postulación"],"duration":7,"failing":false,"failureDetails":[],"failureMessages":[],"fullName":"candidateSelfRegistrationSchema — formulario público de postulación rechaza direccion y ocupacion vacías, son obligatorias en el formulario público","invocations":1,"location":null,"numPassingAsserts":2,"retryReasons":[],"startAt":1789356812442,"status":"passed","title":"rechaza direccion y ocupacion vacías, son obligatorias en el formulario público"},{"ancestorTitles":["candidateSelfRegistrationSchema — formulario público de postulación"],"duration":1,"failing":false,"failureDetails":[],"failureMessages":[],"fullName":"candidateSelfRegistrationSchema — formulario público de postulación rechaza causaSocial que exceda el máximo de 1000 caracteres","invocations":1,"location":null,"numPassingAsserts":1,"retryReasons":[],"startAt":1789356812449,"status":"passed","title":"rechaza causaSocial que exceda el máximo de 1000 caracteres"},{"ancestorTitles":["candidateSelfRegistrationSchema — formulario público de postulación"],"duration":7,"failing":false,"failureDetails":[],"failureMessages":[],"fullName":"candidateSelfRegistrationSchema — formulario público de postulación rechaza el envío si aceptaRequisitos viene en false","invocations":1,"location":null,"numPassingAsserts":1,"retryReasons":[],"startAt":1789356812450,"status":"passed","title":"rechaza el envío si aceptaRequisitos viene en false"},{"ancestorTitles":["candidateSelfRegistrationSchema — formulario público de postulación"],"duration":1,"failing":false,"failureDetails":[],"failureMessages":[],"fullName":"candidateSelfRegistrationSchema — formulario público de postulación rechaza el envío si aceptaTratamientoDatos viene en false","invocations":1,"location":null,"numPassingAsserts":1,"retryReasons":[],"startAt":1789356812457,"status":"passed","title":"rechaza el envío si aceptaTratamientoDatos viene en false"},{"ancestorTitles":["candidateSelfRegistrationSchema — formulario público de postulación"],"duration":2,"failing":false,"failureDetails":[],"failureMessages":[],"fullName":"candidateSelfRegistrationSchema — formulario público de postulación rechaza el envío si aceptaBases viene en false","invocations":1,"location":null,"numPassingAsserts":1,"retryReasons":[],"startAt":1789356812458,"status":"passed","title":"rechaza el envío si aceptaBases viene en false"},{"ancestorTitles":["candidateSelfRegistrationSchema — formulario público de postulación"],"duration":1,"failing":false,"failureDetails":[],"failureMessages":[],"fullName":"candidateSelfRegistrationSchema — formulario público de postulación acepta que aceptaMarketing quede en false por defecto (es opcional)","invocations":1,"location":null,"numPassingAsserts":2,"retryReasons":[],"startAt":1789356812461,"status":"passed","title":"acepta que aceptaMarketing quede en false por defecto (es opcional)"},{"ancestorTitles":["candidateStatusChangeSchema — motivo obligatorio al pasar a REJECTED"],"duration":1,"failing":false,"failureDetails":[],"failureMessages":[],"fullName":"candidateStatusChangeSchema — motivo obligatorio al pasar a REJECTED rechaza REJECTED sin motivoDescarte","invocations":1,"location":null,"numPassingAsserts":1,"retryReasons":[],"startAt":1789356812462,"status":"passed","title":"rechaza REJECTED sin motivoDescarte"},{"ancestorTitles":["candidateStatusChangeSchema — motivo obligatorio al pasar a REJECTED"],"duration":1,"failing":false,"failureDetails":[],"failureMessages":[],"fullName":"candidateStatusChangeSchema — motivo obligatorio al pasar a REJECTED rechaza REJECTED con motivoDescarte compuesto solo de espacios","invocations":1,"location":null,"numPassingAsserts":1,"retryReasons":[],"startAt":1789356812466,"status":"passed","title":"rechaza REJECTED con motivoDescarte compuesto solo de espacios"},{"ancestorTitles":["candidateStatusChangeSchema — motivo obligatorio al pasar a REJECTED"],"duration":1,"failing":false,"failureDetails":[],"failureMessages":[],"fullName":"candidateStatusChangeSchema — motivo obligatorio al pasar a REJECTED acepta REJECTED con un motivo real","invocations":1,"location":null,"numPassingAsserts":1,"retryReasons":[],"startAt":1789356812467,"status":"passed","title":"acepta REJECTED con un motivo real"},{"ancestorTitles":["candidateStatusChangeSchema — motivo obligatorio al pasar a REJECTED"],"duration":0,"failing":false,"failureDetails":[],"failureMessages":[],"fullName":"candidateStatusChangeSchema — motivo obligatorio al pasar a REJECTED acepta cualquier otro estado sin exigir motivo","invocations":1,"location":null,"numPassingAsserts":1,"retryReasons":[],"startAt":1789356812468,"status":"passed","title":"acepta cualquier otro estado sin exigir motivo"},{"ancestorTitles":["candidateStatusChangeSchema — motivo obligatorio al pasar a REJECTED"],"duration":5,"failing":false,"failureDetails":[],"failureMessages":[],"fullName":"candidateStatusChangeSchema — motivo obligatorio al pasar a REJECTED nunca acepta APPLICANT como estado asignable manualmente","invocations":1,"location":null,"numPassingAsserts":1,"retryReasons":[],"startAt":1789356812468,"status":"passed","title":"nunca acepta APPLICANT como estado asignable manualmente"},{"ancestorTitles":["Guard de REJECTED en los servicios (defensa en profundidad detrás de Zod)"],"duration":67,"failing":false,"failureDetails":[],"failureMessages":[],"fullName":"Guard de REJECTED en los servicios (defensa en profundidad detrás de Zod) updateCandidate rechaza SIEMPRE un status REJECTED, sin tocar la base de datos","invocations":1,"location":null,"numPassingAsserts":2,"retryReasons":[],"startAt":1789356812473,"status":"passed","title":"updateCandidate rechaza SIEMPRE un status REJECTED, sin tocar la base de datos"},{"ancestorTitles":["Guard de REJECTED en los servicios (defensa en profundidad detrás de Zod)"],"duration":1,"failing":false,"failureDetails":[],"failureMessages":[],"fullName":"Guard de REJECTED en los servicios (defensa en profundidad detrás de Zod) updateCandidateStatus rechaza REJECTED sin motivoDescarte, sin tocar la base de datos","invocations":1,"location":null,"numPassingAsserts":2,"retryReasons":[],"startAt":1789356812540,"status":"passed","title":"updateCandidateStatus rechaza REJECTED sin motivoDescarte, sin tocar la base de datos"},{"ancestorTitles":["Guard de REJECTED en los servicios (defensa en profundidad detrás de Zod)"],"duration":3,"failing":false,"failureDetails":[],"failureMessages":[],"fullName":"Guard de REJECTED en los servicios (defensa en profundidad detrás de Zod) updateCandidateStatus acepta REJECTED con motivo y persiste motivoDescarte","invocations":1,"location":null,"numPassingAsserts":2,"retryReasons":[],"startAt":1789356812541,"status":"passed","title":"updateCandidateStatus acepta REJECTED con motivo y persiste motivoDescarte"},{"ancestorTitles":["Guard de REJECTED en los servicios (defensa en profundidad detrás de Zod)"],"duration":1,"failing":false,"failureDetails":[],"failureMessages":[],"fullName":"Guard de REJECTED en los servicios (defensa en profundidad detrás de Zod) updateCandidateStatus limpia motivoDescarte cuando el nuevo estado no es REJECTED","invocations":1,"location":null,"numPassingAsserts":1,"retryReasons":[],"startAt":1789356812544,"status":"passed","title":"updateCandidateStatus limpia motivoDescarte cuando el nuevo estado no es REJECTED"},{"ancestorTitles":["listCandidates — filtro de edad (off-by-one en el rango de fechas)"],"duration":23,"failing":false,"failureDetails":[],"failureMessages":[],"fullName":"listCandidates — filtro de edad (off-by-one en el rango de fechas) edad mínima 18 -> nacida como muy tarde el mismo día de hace 18 años","invocations":1,"location":null,"numPassingAsserts":4,"retryReasons":[],"startAt":1789356812545,"status":"passed","title":"edad mínima 18 -> nacida como muy tarde el mismo día de hace 18 años"},{"ancestorTitles":["listCandidates — filtro de edad (off-by-one en el rango de fechas)"],"duration":4,"failing":false,"failureDetails":[],"failureMessages":[],"fullName":"listCandidates — filtro de edad (off-by-one en el rango de fechas) edad máxima 30 -> nacida como muy pronto un día después de hace 31 años","invocations":1,"location":null,"numPassingAsserts":4,"retryReasons":[],"startAt":1789356812568,"status":"passed","title":"edad máxima 30 -> nacida como muy pronto un día después de hace 31 años"},{"ancestorTitles":["listCandidates — filtro de edad (off-by-one en el rango de fechas)"],"duration":1,"failing":false,"failureDetails":[],"failureMessages":[],"fullName":"listCandidates — filtro de edad (off-by-one en el rango de fechas) rango 18-30 combina ambos límites en el mismo filtro","invocations":1,"location":null,"numPassingAsserts":2,"retryReasons":[],"startAt":1789356812572,"status":"passed","title":"rango 18-30 combina ambos límites en el mismo filtro"},{"ancestorTitles":["listCandidates — filtro de edad (off-by-one en el rango de fechas)"],"duration":2,"failing":false,"failureDetails":[],"failureMessages":[],"fullName":"listCandidates — filtro de edad (off-by-one en el rango de fechas) sin filtros de edad no agrega la clave birthDate al where","invocations":1,"location":null,"numPassingAsserts":1,"retryReasons":[],"startAt":1789356812576,"status":"passed","title":"sin filtros de edad no agrega la clave birthDate al where"},{"ancestorTitles":["submitCandidateRegistration — auto-inscripción pública por token"],"duration":8,"failing":false,"failureDetails":[],"failureMessages":[],"fullName":"submitCandidateRegistration — auto-inscripción pública por token lanza RegistrationNotFoundError si el token no corresponde a ningún proyecto","invocations":1,"location":null,"numPassingAsserts":1,"retryReasons":[],"startAt":1789356812578,"status":"passed","title":"lanza RegistrationNotFoundError si el token no corresponde a ningún proyecto"},{"ancestorTitles":["submitCandidateRegistration — auto-inscripción pública por token"],"duration":1,"failing":false,"failureDetails":[],"failureMessages":[],"fullName":"submitCandidateRegistration — auto-inscripción pública por token lanza RegistrationNotOpenError si la convocatoria está en borrador (no OPEN)","invocations":1,"location":null,"numPassingAsserts":1,"retryReasons":[],"startAt":1789356812586,"status":"passed","title":"lanza RegistrationNotOpenError si la convocatoria está en borrador (no OPEN)"},{"ancestorTitles":["submitCandidateRegistration — auto-inscripción pública por token"],"duration":5,"failing":false,"failureDetails":[],"failureMessages":[],"fullName":"submitCandidateRegistration — auto-inscripción pública por token lanza RegistrationNotOpenError si todavía no llega la fecha de apertura","invocations":1,"location":null,"numPassingAsserts":1,"retryReasons":[],"startAt":1789356812587,"status":"passed","title":"lanza RegistrationNotOpenError si todavía no llega la fecha de apertura"},{"ancestorTitles":["submitCandidateRegistration — auto-inscripción pública por token"],"duration":12,"failing":false,"failureDetails":[],"failureMessages":[],"fullName":"submitCandidateRegistration — auto-inscripción pública por token lanza RegistrationNotOpenError si el plazo ya cerró","invocations":1,"location":null,"numPassingAsserts":1,"retryReasons":[],"startAt":1789356812592,"status":"passed","title":"lanza RegistrationNotOpenError si el plazo ya cerró"},{"ancestorTitles":["submitCandidateRegistration — auto-inscripción pública por token"],"duration":1,"failing":false,"failureDetails":[],"failureMessages":[],"fullName":"submitCandidateRegistration — auto-inscripción pública por token lanza RegistrationNotOpenError cuando ya se alcanzó el cupo máximo (cupo lleno)","invocations":1,"location":null,"numPassingAsserts":1,"retryReasons":[],"startAt":1789356812604,"status":"passed","title":"lanza RegistrationNotOpenError cuando ya se alcanzó el cupo máximo (cupo lleno)"},{"ancestorTitles":["submitCandidateRegistration — auto-inscripción pública por token"],"duration":7,"failing":false,"failureDetails":[],"failureMessages":[],"fullName":"submitCandidateRegistration — auto-inscripción pública por token NO bloquea por cupo cuando hay vacantes disponibles","invocations":1,"location":null,"numPassingAsserts":1,"retryReasons":[],"startAt":1789356812605,"status":"passed","title":"NO bloquea por cupo cuando hay vacantes disponibles"},{"ancestorTitles":["submitCandidateRegistration — auto-inscripción pública por token"],"duration":6,"failing":false,"failureDetails":[],"failureMessages":[],"fullName":"submitCandidateRegistration — auto-inscripción pública por token SÍ bloquea por cupo dentro de la transacción aunque el chequeo previo no lo haya detectado (condición de carrera)","invocations":1,"location":null,"numPassingAsserts":2,"retryReasons":[],"startAt":1789356812612,"status":"passed","title":"SÍ bloquea por cupo dentro de la transacción aunque el chequeo previo no lo haya detectado (condición de carrera)"},{"ancestorTitles":["submitCandidateRegistration — auto-inscripción pública por token"],"duration":5,"failing":false,"failureDetails":[],"failureMessages":[],"fullName":"submitCandidateRegistration — auto-inscripción pública por token lanza BelowMinimumAgeError si la postulante no cumple la edad mínima del proyecto","invocations":1,"location":null,"numPassingAsserts":1,"retryReasons":[],"startAt":1789356812618,"status":"passed","title":"lanza BelowMinimumAgeError si la postulante no cumple la edad mínima del proyecto"},{"ancestorTitles":["submitCandidateRegistration — auto-inscripción pública por token"],"duration":2,"failing":false,"failureDetails":[],"failureMessages":[],"fullName":"submitCandidateRegistration — auto-inscripción pública por token NO bloquea por edad a alguien que cumplió años justo hoy","invocations":1,"location":null,"numPassingAsserts":1,"retryReasons":[],"startAt":1789356812623,"status":"passed","title":"NO bloquea por edad a alguien que cumplió años justo hoy"},{"ancestorTitles":["submitCandidateRegistration — auto-inscripción pública por token"],"duration":1,"failing":false,"failureDetails":[],"failureMessages":[],"fullName":"submitCandidateRegistration — auto-inscripción pública por token lanza DuplicateApplicationError cuando ya existe una postulación con el mismo RUT (chequeo temprano)","invocations":1,"location":null,"numPassingAsserts":1,"retryReasons":[],"startAt":1789356812625,"status":"passed","title":"lanza DuplicateApplicationError cuando ya existe una postulación con el mismo RUT (chequeo temprano)"},{"ancestorTitles":["submitCandidateRegistration — auto-inscripción pública por token"],"duration":6,"failing":false,"failureDetails":[],"failureMessages":[],"fullName":"submitCandidateRegistration — auto-inscripción pública por token lanza DuplicateApplicationError si el índice único de la base rechaza un envío simultáneo (P2002)","invocations":1,"location":null,"numPassingAsserts":1,"retryReasons":[],"startAt":1789356812626,"status":"passed","title":"lanza DuplicateApplicationError si el índice único de la base rechaza un envío simultáneo (P2002)"},{"ancestorTitles":["submitCandidateRegistration — auto-inscripción pública por token"],"duration":8,"failing":false,"failureDetails":[],"failureMessages":[],"fullName":"submitCandidateRegistration — auto-inscripción pública por token propaga cualquier otro error de la transacción sin disfrazarlo de duplicado","invocations":1,"location":null,"numPassingAsserts":1,"retryReasons":[],"startAt":1789356812632,"status":"passed","title":"propaga cualquier otro error de la transacción sin disfrazarlo de duplicado"},{"ancestorTitles":["submitCandidateRegistration — auto-inscripción pública por token"],"duration":13,"failing":false,"failureDetails":[],"failureMessages":[],"fullName":"submitCandidateRegistration — auto-inscripción pública por token genera el folio con el formato {CODE}-{año}-{correlativo de 4 dígitos} usando el código del proyecto en mayúsculas","invocations":1,"location":null,"numPassingAsserts":2,"retryReasons":[],"startAt":1789356812641,"status":"passed","title":"genera el folio con el formato {CODE}-{año}-{correlativo de 4 dígitos} usando el código del proyecto en mayúsculas"},{"ancestorTitles":["submitCandidateRegistration — auto-inscripción pública por token"],"duration":1,"failing":false,"failureDetails":[],"failureMessages":[],"fullName":"submitCandidateRegistration — auto-inscripción pública por token resuelve companyId/projectId SIEMPRE desde el token, nunca desde el formulario","invocations":1,"location":null,"numPassingAsserts":3,"retryReasons":[],"startAt":1789356812655,"status":"passed","title":"resuelve companyId/projectId SIEMPRE desde el token, nunca desde el formulario"}],"endTime":1789356812659,"message":"","name":"D:\\ERP\\tests\\candidates-registration.test.ts","startTime":1789356811739,"status":"passed","summary":""},{"assertionResults":[{"ancestorTitles":["paymentConfirmedEventSchema"],"duration":1,"failing":false,"failureDetails":[],"failureMessages":[],"fullName":"paymentConfirmedEventSchema acepta un payload válido mínimo","invocations":1,"location":null,"numPassingAsserts":1,"retryReasons":[],"startAt":1789356812941,"status":"passed","title":"acepta un payload válido mínimo"},{"ancestorTitles":["paymentConfirmedEventSchema"],"duration":2,"failing":false,"failureDetails":[],"failureMessages":[],"fullName":"paymentConfirmedEventSchema rechaza documentType fuera de sales/purchase","invocations":1,"location":null,"numPassingAsserts":1,"retryReasons":[],"startAt":1789356812943,"status":"passed","title":"rechaza documentType fuera de sales/purchase"},{"ancestorTitles":["paymentConfirmedEventSchema"],"duration":1,"failing":false,"failureDetails":[],"failureMessages":[],"fullName":"paymentConfirmedEventSchema rechaza monto cero o negativo","invocations":1,"location":null,"numPassingAsserts":2,"retryReasons":[],"startAt":1789356812945,"status":"passed","title":"rechaza monto cero o negativo"},{"ancestorTitles":["paymentConfirmedEventSchema"],"duration":0,"failing":false,"failureDetails":[],"failureMessages":[],"fullName":"paymentConfirmedEventSchema rechaza monto no entero","invocations":1,"location":null,"numPassingAsserts":1,"retryReasons":[],"startAt":1789356812946,"status":"passed","title":"rechaza monto no entero"},{"ancestorTitles":["paymentConfirmedEventSchema"],"duration":1,"failing":false,"failureDetails":[],"failureMessages":[],"fullName":"paymentConfirmedEventSchema rechaza folio vacío","invocations":1,"location":null,"numPassingAsserts":1,"retryReasons":[],"startAt":1789356812946,"status":"passed","title":"rechaza folio vacío"},{"ancestorTitles":["paymentConfirmedEventSchema"],"duration":1,"failing":false,"failureDetails":[],"failureMessages":[],"fullName":"paymentConfirmedEventSchema rechaza forma de pago fuera del catálogo chileno","invocations":1,"location":null,"numPassingAsserts":1,"retryReasons":[],"startAt":1789356812947,"status":"passed","title":"rechaza forma de pago fuera del catálogo chileno"},{"ancestorTitles":["paymentConfirmedEventSchema"],"duration":0,"failing":false,"failureDetails":[],"failureMessages":[],"fullName":"paymentConfirmedEventSchema usa TRANSFERENCIA por defecto si no se especifica forma de pago","invocations":1,"location":null,"numPassingAsserts":2,"retryReasons":[],"startAt":1789356812948,"status":"passed","title":"usa TRANSFERENCIA por defecto si no se especifica forma de pago"},{"ancestorTitles":["n8nWebhookEnvelopeSchema"],"duration":1,"failing":false,"failureDetails":[],"failureMessages":[],"fullName":"n8nWebhookEnvelopeSchema exige eventId y eventType","invocations":1,"location":null,"numPassingAsserts":3,"retryReasons":[],"startAt":1789356812949,"status":"passed","title":"exige eventId y eventType"},{"ancestorTitles":["n8nWebhookEnvelopeSchema"],"duration":1,"failing":false,"failureDetails":[],"failureMessages":[],"fullName":"n8nWebhookEnvelopeSchema permite payload ausente y lo normaliza a objeto vacío","invocations":1,"location":null,"numPassingAsserts":2,"retryReasons":[],"startAt":1789356812950,"status":"passed","title":"permite payload ausente y lo normaliza a objeto vacío"}],"endTime":1789356812952,"message":"","name":"D:\\ERP\\tests\\n8n-webhook-schema.test.ts","startTime":1789356812689,"status":"passed","summary":""},{"assertionResults":[{"ancestorTitles":["Compra pública de entradas"],"duration":5,"failing":false,"failureDetails":[],"failureMessages":[],"fullName":"Compra pública de entradas calcula el total en el servidor a partir del precio del catálogo","invocations":1,"location":null,"numPassingAsserts":2,"retryReasons":[],"startAt":1789356813379,"status":"passed","title":"calcula el total en el servidor a partir del precio del catálogo"},{"ancestorTitles":["Compra pública de entradas"],"duration":34,"failing":false,"failureDetails":[],"failureMessages":[],"fullName":"Compra pública de entradas bloquea la venta cuando no queda cupo suficiente","invocations":1,"location":null,"numPassingAsserts":1,"retryReasons":[],"startAt":1789356813384,"status":"passed","title":"bloquea la venta cuando no queda cupo suficiente"},{"ancestorTitles":["Compra pública de entradas"],"duration":1,"failing":false,"failureDetails":[],"failureMessages":[],"fullName":"Compra pública de entradas permite ocupar exactamente el último cupo","invocations":1,"location":null,"numPassingAsserts":1,"retryReasons":[],"startAt":1789356813418,"status":"passed","title":"permite ocupar exactamente el último cupo"},{"ancestorTitles":["Compra pública de entradas"],"duration":0,"failing":false,"failureDetails":[],"failureMessages":[],"fullName":"Compra pública de entradas no aplica límite cuando el aforo es ilimitado","invocations":1,"location":null,"numPassingAsserts":1,"retryReasons":[],"startAt":1789356813419,"status":"passed","title":"no aplica límite cuando el aforo es ilimitado"},{"ancestorTitles":["Compra pública de entradas"],"duration":2,"failing":false,"failureDetails":[],"failureMessages":[],"fullName":"Compra pública de entradas rechaza un tipo de entrada con la venta cerr
[...]
":[],"startAt":1789356820641,"status":"passed","title":"un neto negativo (saldo acreedor) va a la columna haber, en positivo"},{"ancestorTitles":["netToColumns — presentación del balance de comprobación"],"duration":0,"failing":false,"failureDetails":[],"failureMessages":[],"fullName":"netToColumns — presentación del balance de comprobación un neto en cero no aparece en ninguna columna","invocations":1,"location":null,"numPassingAsserts":1,"retryReasons":[],"startAt":1789356820642,"status":"passed","title":"un neto en cero no aparece en ninguna columna"}],"endTime":1789356820643,"message":"","name":"D:\\ERP\\tests\\accounting-core.test.ts","startTime":1789356820215,"status":"passed","summary":""},{"assertionResults":[{"ancestorTitles":["Acción: enviar correo"],"duration":4,"failing":false,"failureDetails":[],"failureMessages":[],"fullName":"Acción: enviar correo resuelve la plantilla del destinatario, asunto y cuerpo contra el payload","invocations":1,"location":null,"numPassingAsserts":2,"retryReasons":[],"startAt":1789356820943,"status":"passed","title":"resuelve la plantilla del destinatario, asunto y cuerpo contra el payload"},{"ancestorTitles":["Acción: enviar correo"],"duration":1,"failing":false,"failureDetails":[],"failureMessages":[],"fullName":"Acción: enviar correo escapa HTML en el cuerpo del correo (el campo puede venir de un formulario público sin autenticar)","invocations":1,"location":null,"numPassingAsserts":3,"retryReasons":[],"startAt":1789356820948,"status":"passed","title":"escapa HTML en el cuerpo del correo (el campo puede venir de un formulario público sin autenticar)"},{"ancestorTitles":["Acción: enviar correo"],"duration":17,"failing":false,"failureDetails":[],"failureMessages":[],"fullName":"Acción: enviar correo rechaza sin intentar el envío si el destinatario resuelto no es un correo válido","invocations":1,"location":null,"numPassingAsserts":2,"retryReasons":[],"startAt":1789356820949,"status":"passed","title":"rechaza sin intentar el envío si el destinatario resuelto no es un correo válido"},{"ancestorTitles":["Acción: enviar correo"],"duration":1,"failing":false,"failureDetails":[],"failureMessages":[],"fullName":"Acción: enviar correo reporta el fallo del proveedor de correo sin lanzar","invocations":1,"location":null,"numPassingAsserts":2,"retryReasons":[],"startAt":1789356820966,"status":"passed","title":"reporta el fallo del proveedor de correo sin lanzar"},{"ancestorTitles":["Acción: crear notificación interna"],"duration":1,"failing":false,"failureDetails":[],"failureMessages":[],"fullName":"Acción: crear notificación interna persiste la notificación con los textos ya resueltos","invocations":1,"location":null,"numPassingAsserts":2,"retryReasons":[],"startAt":1789356820967,"status":"passed","title":"persiste la notificación con los textos ya resueltos"},{"ancestorTitles":["Acción: llamar un webhook"],"duration":1,"failing":false,"failureDetails":[],"failureMessages":[],"fullName":"Acción: llamar un webhook rechaza sin llamar `fetch` si la validación estática de la URL falla","invocations":1,"location":null,"numPassingAsserts":2,"retryReasons":[],"startAt":1789356820969,"status":"passed","title":"rechaza sin llamar `fetch` si la validación estática de la URL falla"},{"ancestorTitles":["Acción: llamar un webhook"],"duration":1,"failing":false,"failureDetails":[],"failureMessages":[],"fullName":"Acción: llamar un webhook rechaza si la resolución DNS al momento de enviar apunta a una red privada","invocations":1,"location":null,"numPassingAsserts":2,"retryReasons":[],"startAt":1789356820973,"status":"passed","title":"rechaza si la resolución DNS al momento de enviar apunta a una red privada"},{"ancestorTitles":["Acción: llamar un webhook"],"duration":2,"failing":false,"failureDetails":[],"failureMessages":[],"fullName":"Acción: llamar un webhook firma el cuerpo con HMAC-SHA256 del secreto de la regla","invocations":1,"location":null,"numPassingAsserts":2,"retryReasons":[],"startAt":1789356820974,"status":"passed","title":"firma el cuerpo con HMAC-SHA256 del secreto de la regla"},{"ancestorTitles":["Acción: llamar un webhook"],"duration":1,"failing":false,"failureDetails":[],"failureMessages":[],"fullName":"Acción: llamar un webhook nunca sigue una redirección (redirect: error)","invocations":1,"location":null,"numPassingAsserts":2,"retryReasons":[],"startAt":1789356820976,"status":"passed","title":"nunca sigue una redirección (redirect: error)"},{"ancestorTitles":["Acción: llamar un webhook"],"duration":3,"failing":false,"failureDetails":[],"failureMessages":[],"fullName":"Acción: llamar un webhook reporta un status HTTP de error sin lanzar","invocations":1,"location":null,"numPassingAsserts":2,"retryReasons":[],"startAt":1789356820978,"status":"passed","title":"reporta un status HTTP de error sin lanzar"},{"ancestorTitles":["Acción: llamar un webhook"],"duration":1,"failing":false,"failureDetails":[],"failureMessages":[],"fullName":"Acción: llamar un webhook nunca lanza si `fetch` rechaza (timeout, DNS, red)","invocations":1,"location":null,"numPassingAsserts":1,"retryReasons":[],"startAt":1789356820982,"status":"passed","title":"nunca lanza si `fetch` rechaza (timeout, DNS, red)"}],"endTime":1789356820984,"message":"","name":"D:\\ERP\\tests\\workflow-action-runner.test.ts","startTime":1789356820655,"status":"passed","summary":""},{"assertionResults":[{"ancestorTitles":["Cobertura de hardDeleteTenant"],"duration":2,"failing":false,"failureDetails":[],"failureMessages":[],"fullName":"Cobertura de hardDeleteTenant cubre todo modelo con companyId — explícito, cascada verificada, o excluido a propósito","invocations":1,"location":null,"numPassingAsserts":1,"retryReasons":[],"startAt":1789356821122,"status":"passed","title":"cubre todo modelo con companyId — explícito, cascada verificada, o excluido a propósito"},{"ancestorTitles":["Cobertura de hardDeleteTenant"],"duration":2,"failing":false,"failureDetails":[],"failureMessages":[],"fullName":"Cobertura de hardDeleteTenant sigue borrando explícitamente los módulos de eventos, producción y agentes de IA","invocations":1,"location":null,"numPassingAsserts":15,"retryReasons":[],"startAt":1789356821125,"status":"passed","title":"sigue borrando explícitamente los módulos de eventos, producción y agentes de IA"}],"endTime":1789356821128,"message":"","name":"D:\\ERP\\tests\\platform-delete-coverage.test.ts","startTime":1789356820992,"status":"passed","summary":""},{"assertionResults":[{"ancestorTitles":["IVA a nivel de documento"],"duration":1,"failing":false,"failureDetails":[],"failureMessages":[],"fullName":"IVA a nivel de documento redondea el IVA una sola vez sobre el neto agregado, no por línea","invocations":1,"location":null,"numPassingAsserts":4,"retryReasons":[],"startAt":1789356821231,"status":"passed","title":"redondea el IVA una sola vez sobre el neto agregado, no por línea"},{"ancestorTitles":["IVA a nivel de documento"],"duration":4,"failing":false,"failureDetails":[],"failureMessages":[],"fullName":"IVA a nivel de documento el IVA de las líneas suma exactamente el IVA del documento","invocations":1,"location":null,"numPassingAsserts":1,"retryReasons":[],"startAt":1789356821232,"status":"passed","title":"el IVA de las líneas suma exactamente el IVA del documento"},{"ancestorTitles":["IVA a nivel de documento"],"duration":1,"failing":false,"failureDetails":[],"failureMessages":[],"fullName":"IVA a nivel de documento mantiene la identidad neto + exento + IVA = total en montos irregulares","invocations":1,"location":null,"numPassingAsserts":3,"retryReasons":[],"startAt":1789356821237,"status":"passed","title":"mantiene la identidad neto + exento + IVA = total en montos irregulares"},{"ancestorTitles":["IVA a nivel de documento"],"duration":1,"failing":false,"failureDetails":[],"failureMessages":[],"fullName":"IVA a nivel de documento no cobra IVA sobre líneas exentas","invocations":1,"location":null,"numPassingAsserts":4,"retryReasons":[],"startAt":1789356821239,"status":"passed","title":"no cobra IVA sobre líneas exentas"},{"ancestorTitles":["IVA a nivel de documento"],"duration":1,"failing":false,"failureDetails":[],"failureMessages":[],"fullName":"IVA a nivel de documento un documento totalmente exento no genera IVA","invocations":1,"location":null,"numPassingAsserts":3,"retryReasons":[],"startAt":1789356821240,"status":"passed","title":"un documento totalmente exento no genera IVA"},{"ancestorTitles":["IVA a nivel de documento"],"duration":1,"failing":false,"failureDetails":[],"failureMessages":[],"fullName":"IVA a nivel de documento aplica el descuento porcentual antes de redondear a CLP entero","invocations":1,"location":null,"numPassingAsserts":2,"retryReasons":[],"startAt":1789356821241,"status":"passed","title":"aplica el descuento porcentual antes de redondear a CLP entero"},{"ancestorTitles":["IVA a nivel de documento"],"duration":1,"failing":false,"failureDetails":[],"failureMessages":[],"fullName":"IVA a nivel de documento reparte los pesos sobrantes por resto mayor, sin perderlos ni duplicarlos","invocations":1,"location":null,"numPassingAsserts":4,"retryReasons":[],"startAt":1789356821242,"status":"passed","title":"reparte los pesos sobrantes por resto mayor, sin perderlos ni duplicarlos"}],"endTime":1789356821244,"message":"","name":"D:\\ERP\\tests\\tax-calc.test.ts","startTime":1789356821133,"status":"passed","summary":""},{"assertionResults":[{"ancestorTitles":["Condiciones de una regla"],"duration":1,"failing":false,"failureDetails":[],"failureMessages":[],"fullName":"Condiciones de una regla sin condiciones siempre dispara","invocations":1,"location":null,"numPassingAsserts":1,"retryReasons":[],"startAt":1789356821337,"status":"passed","title":"sin condiciones siempre dispara"},{"ancestorTitles":["Condiciones de una regla"],"duration":0,"failing":false,"failureDetails":[],"failureMessages":[],"fullName":"Condiciones de una regla combina varias condiciones en AND","invocations":1,"location":null,"numPassingAsserts":2,"retryReasons":[],"startAt":1789356821339,"status":"passed","title":"combina varias condiciones en AND"},{"ancestorTitles":["Condiciones de una regla"],"duration":0,"failing":false,"failureDetails":[],"failureMessages":[],"fullName":"Condiciones de una regla un campo ausente del payload hace fallar la condición, incluso not_equals","invocations":1,"location":null,"numPassingAsserts":1,"retryReasons":[],"startAt":1789356821340,"status":"passed","title":"un campo ausente del payload hace fallar la condición, incluso not_equals"},{"ancestorTitles":["Condiciones de una regla"],"duration":3,"failing":false,"failureDetails":[],"failureMessages":[],"fullName":"Condiciones de una regla un valor null en el payload nunca hace match, ni con not_equals","invocations":1,"location":null,"numPassingAsserts":1,"retryReasons":[],"startAt":1789356821341,"status":"passed","title":"un valor null en el payload nunca hace match, ni con not_equals"},{"ancestorTitles":["Condiciones de una regla"],"duration":1,"failing":false,"failureDetails":[],"failureMessages":[],"fullName":"Condiciones de una regla compara números cuando ambos lados son numéricos","invocations":1,"location":null,"numPassingAsserts":2,"retryReasons":[],"startAt":1789356821344,"status":"passed","title":"compara números cuando ambos lados son numéricos"},{"ancestorTitles":["Condiciones de una regla"],"duration":0,"failing":false,"failureDetails":[],"failureMessages":[],"fullName":"Condiciones de una regla compara texto sin distinguir mayúsculas/minúsculas","invocations":1,"location":null,"numPassingAsserts":1,"retryReasons":[],"startAt":1789356821351,"status":"passed","title":"compara texto sin distinguir mayúsculas/minúsculas"},{"ancestorTitles":["Condiciones de una regla"],"duration":0,"failing":false,"failureDetails":[],"failureMessages":[],"fullName":"Condiciones de una regla contains busca subcadena, no igualdad exacta","invocations":1,"location":null,"numPassingAsserts":2,"retryReasons":[],"startAt":1789356821352,"status":"passed","title":"contains busca subcadena, no igualdad exacta"},{"ancestorTitles":["Condiciones de una regla"],"duration":1,"failing":false,"failureDetails":[],"failureMessages":[],"fullName":"Condiciones de una regla los operadores numéricos fallan si el valor configurado no es numérico","invocations":1,"location":null,"numPassingAsserts":1,"retryReasons":[],"startAt":1789356821353,"status":"passed","title":"los operadores numéricos fallan si el valor configurado no es numérico"},{"ancestorTitles":["Condiciones de una regla"],"duration":1,"failing":false,"failureDetails":[],"failureMessages":[],"fullName":"Condiciones de una regla evalúa un booleano comparándolo como texto","invocations":1,"location":null,"numPassingAsserts":2,"retryReasons":[],"startAt":1789356821354,"status":"passed","title":"evalúa un booleano comparándolo como texto"}],"endTime":1789356821356,"message":"","name":"D:\\ERP\\tests\\workflow-condition-evaluator.test.ts","startTime":1789356821252,"status":"passed","summary":""},{"assertionResults":[{"ancestorTitles":["normalizeToWhatsappFormat"],"duration":2,"failing":false,"failureDetails":[],"failureMessages":[],"fullName":"normalizeToWhatsappFormat acepta un celular ya con +56 (con símbolos y espacios)","invocations":1,"location":null,"numPassingAsserts":1,"retryReasons":[],"startAt":1789356821489,"status":"passed","title":"acepta un celular ya con +56 (con símbolos y espacios)"},{"ancestorTitles":["normalizeToWhatsappFormat"],"duration":1,"failing":false,"failureDetails":[],"failureMessages":[],"fullName":"normalizeToWhatsappFormat acepta un celular sin código de país, anteponiendo 56","invocations":1,"location":null,"numPassingAsserts":1,"retryReasons":[],"startAt":1789356821491,"status":"passed","title":"acepta un celular sin código de país, anteponiendo 56"},{"ancestorTitles":["normalizeToWhatsappFormat"],"duration":1,"failing":false,"failureDetails":[],"failureMessages":[],"fullName":"normalizeToWhatsappFormat acepta un celular sin el 9 inicial ni código de país (8 dígitos)","invocations":1,"location":null,"numPassingAsserts":1,"retryReasons":[],"startAt":1789356821492,"status":"passed","title":"acepta un celular sin el 9 inicial ni código de país (8 dígitos)"},{"ancestorTitles":["normalizeToWhatsappFormat"],"duration":1,"failing":false,"failureDetails":[],"failureMessages":[],"fullName":"normalizeToWhatsappFormat acepta un número que ya viene con 56 + 10 dígitos (fijo con área), tal cual","invocations":1,"location":null,"numPassingAsserts":1,"retryReasons":[],"startAt":1789356821493,"status":"passed","title":"acepta un número que ya viene con 56 + 10 dígitos (fijo con área), tal cual"},{"ancestorTitles":["normalizeToWhatsappFormat"],"duration":3,"failing":false,"failureDetails":[],"failureMessages":[],"fullName":"normalizeToWhatsappFormat rechaza un número con 56 pero un largo intermedio no reconocible (9 dígitos tras el prefijo)","invocations":1,"location":null,"numPassingAsserts":1,"retryReasons":[],"startAt":1789356821494,"status":"passed","title":"rechaza un número con 56 pero un largo intermedio no reconocible (9 dígitos tras el prefijo)"},{"ancestorTitles":["normalizeToWhatsappFormat"],"duration":4,"failing":false,"failureDetails":[],"failureMessages":[],"fullName":"normalizeToWhatsappFormat deja tal cual un número con otro código de país plausible","invocations":1,"location":null,"numPassingAsserts":1,"retryReasons":[],"startAt":1789356821497,"status":"passed","title":"deja tal cual un número con otro código de país plausible"},{"ancestorTitles":["normalizeToWhatsappFormat"],"duration":0,"failing":false,"failureDetails":[],"failureMessages":[],"fullName":"normalizeToWhatsappFormat rechaza un teléfono vacío","invocations":1,"location":null,"numPassingAsserts":1,"retryReasons":[],"startAt":1789356821502,"status":"passed","title":"rechaza un teléfono vacío"},{"ancestorTitles":["normalizeToWhatsappFormat"],"duration":0,"failing":false,"failureDetails":[],"failureMessages":[],"fullName":"normalizeToWhatsappFormat rechaza un teléfono sin dígitos reconocibles","invocations":1,"location":null,"numPassingAsserts":1,"retryReasons":[],"startAt":1789356821503,"status":"passed","title":"rechaza un teléfono sin dígitos reconocibles"},{"ancestorTitles":["buildWhatsappLink"],"duration":2,"failing":false,"failureDetails":[],"failureMessages":[],"fullName":"buildWhatsappLink arma el link wa.me con mensaje precargado codificado","invocations":1,"location":null,"numPassingAsserts":2,"retryReasons":[],"startAt":1789356821504,"status":"passed","title":"arma el link wa.me con mensaje precargado codificado"},{"ancestorTitles":["buildWhatsappLink"],"duration":1,"failing":false,"failureDetails":[],"failureMessages":[],"fullName":"buildWhatsappLink arma el link wa.me sin mensaje cuando no se pasa uno","invocations":1,"location":null,"numPassingAsserts":2,"retryReasons":[],"startAt":1789356821506,"status":"passed","title":"arma el link wa.me sin mensaje cuando no se pasa uno"},{"ancestorTitles":["buildWhatsappLink"],"duration":1,"failing":false,"failureDetails":[],"failureMessages":[],"fullName":"buildWhatsappLink no genera url cuando el teléfono no se puede normalizar","invocations":1,"location":null,"numPassingAsserts":2,"retryReasons":[],"startAt":1789356821507,"status":"passed","title":"no genera url cuando el teléfono no se puede normalizar"}],"endTime":1789356821509,"message":"","name":"D:\\ERP\\tests\\whatsapp-phone.test.ts","startTime":1789356821363,"status":"passed","summary":""},{"assertionResults":[{"ancestorTitles":["Plantilla {{campo}}"],"duration":1,"failing":false,"failureDetails":[],"failureMessages":[],"fullName":"Plantilla {{campo}} sustituye un campo presente en el payload","invocations":1,"location":null,"numPassingAsserts":2,"retryReasons":[],"startAt":1789356821606,"status":"passed","title":"sustituye un campo presente en el payload"},{"ancestorTitles":["Plantilla {{campo}}"],"duration":1,"failing":false,"failureDetails":[],"failureMessages":[],"fullName":"Plantilla {{campo}} un campo desconocido se reemplaza por texto vacío, no deja el {{...}} literal","invocations":1,"location":null,"numPassingAsserts":2,"retryReasons":[],"startAt":1789356821608,"status":"passed","title":"un campo desconocido se reemplaza por texto vacío, no deja el {{...}} literal"},{"ancestorTitles":["Plantilla {{campo}}"],"duration":0,"failing":false,"failureDetails":[],"failureMessages":[],"fullName":"Plantilla {{campo}} reporta cada campo desconocido una sola vez aunque se repita","invocations":1,"location":null,"numPassingAsserts":1,"retryReasons":[],"startAt":1789356821609,"status":"passed","title":"reporta cada campo desconocido una sola vez aunque se repita"},{"ancestorTitles":["Plantilla {{campo}}"],"duration":1,"failing":false,"failureDetails":[],"failureMessages":[],"fullName":"Plantilla {{campo}} un valor null se reemplaza por texto vacío, no por la palabra \"null\"","invocations":1,"location":null,"numPassingAsserts":1,"retryReasons":[],"startAt":1789356821610,"status":"passed","title":"un valor null se reemplaza por texto vacío, no por la palabra \"null\""},{"ancestorTitles":["Plantilla {{campo}}"],"duration":3,"failing":false,"failureDetails":[],"failureMessages":[],"fullName":"Plantilla {{campo}} un texto sin placeholders se devuelve intacto","invocations":1,"location":null,"numPassingAsserts":2,"retryReasons":[],"startAt":1789356821612,"status":"passed","title":"un texto sin placeholders se devuelve intacto"},{"ancestorTitles":["Plantilla {{campo}}"],"duration":1,"failing":false,"failureDetails":[],"failureMessages":[],"fullName":"Plantilla {{campo}} tolera espacios dentro de las llaves","invocations":1,"location":null,"numPassingAsserts":1,"retryReasons":[],"startAt":1789356821615,"status":"passed","title":"tolera espacios dentro de las llaves"}],"endTime":1789356821619,"message":"","name":"D:\\ERP\\tests\\workflow-template.test.ts","startTime":1789356821515,"status":"passed","summary":""}],"wasInterrupted":false}
